#
# There is insufficient memory for the Java Runtime Environment to continue.
# Native memory allocation (malloc) failed to allocate 405744 bytes for Chunk::new
# Possible reasons:
#   The system is out of physical RAM or swap space
#   The process is running with CompressedOops enabled, and the Java Heap may be blocking the growth of the native heap
# Possible solutions:
#   Reduce memory load on the system
#   Increase physical memory or swap space
#   Check if swap backing store is full
#   Decrease Java heap size (-Xmx/-Xms)
#   Decrease number of Java threads
#   Decrease Java thread stack sizes (-Xss)
#   Set larger code cache with -XX:ReservedCodeCacheSize=
#   JVM is running with Unscaled Compressed Oops mode in which the Java heap is
#     placed in the first 4GB address space. The Java Heap base address is the
#     maximum limit for the native heap growth. Please use -XX:HeapBaseMinAddress
#     to set the Java Heap base and to place the Java Heap above 4GB virtual address.
# This output file may be truncated or incomplete.
#
#  Out of Memory Error (t:/workspace/open/src/hotspot/share/memory/arena.cpp:196), pid=6784, tid=17264
#
# JRE version: Java(TM) SE Runtime Environment (13.0+33) (build 13+33)
# Java VM: Java HotSpot(TM) 64-Bit Server VM (13+33, mixed mode, sharing, tiered, compressed oops, g1 gc, windows-amd64)
# No core dump will be written. Minidumps are not enabled by default on client versions of Windows
#

---------------  S U M M A R Y ------------

Command Line: -ea -Dfile.encoding=Cp1252 org.testng.remote.RemoteTestNG -serport 57749 -protocol json -d C:\Nerve_Automation\test-output C:\Users\GBENGA~1\AppData\Local\Temp\testng-eclipse--1497948136\testng-customsuite.xml

Host: Intel(R) Core(TM) i5-7300U CPU @ 2.60GHz, 4 cores, 7G,  Windows 10 , 64 bit Build 18362 (10.0.18362.1082)
Time: Wed Sep 30 14:41:44 2020 W. Central Africa Standard Time elapsed time: 15 seconds (0d 0h 0m 15s)

---------------  T H R E A D  ---------------

Current thread (0x000001e34becc800):  JavaThread "C2 CompilerThread0" daemon [_thread_in_native, id=17264, stack(0x00000020fb500000,0x00000020fb600000)]


Current CompileTask:
C2:  15733 1847       4       java.util.Properties::loadConvert (544 bytes)

Stack: [0x00000020fb500000,0x00000020fb600000]
Native frames: (J=compiled Java code, j=interpreted, Vv=VM code, C=native code)
V  [jvm.dll+0x626eaa]
V  [jvm.dll+0x772c4a]
V  [jvm.dll+0x7743ff]
V  [jvm.dll+0x774a03]
V  [jvm.dll+0x24da38]
V  [jvm.dll+0xc3ae7]
V  [jvm.dll+0xc406c]
V  [jvm.dll+0x35de55]
V  [jvm.dll+0x329573]
V  [jvm.dll+0x32894a]
V  [jvm.dll+0x2078c7]
V  [jvm.dll+0x206adf]
V  [jvm.dll+0x18b94c]
V  [jvm.dll+0x2159bd]
V  [jvm.dll+0x213e6b]
V  [jvm.dll+0x738af6]
V  [jvm.dll+0x731bea]
V  [jvm.dll+0x6260a6]
C  [ucrtbase.dll+0x20e82]
C  [KERNEL32.DLL+0x17bd4]
C  [ntdll.dll+0x6ce51]


---------------  P R O C E S S  ---------------

Threads class SMR info:
_java_thread_list=0x000001e34c9f8e70, length=17, elements={
0x000001e32d827800, 0x000001e34bea4000, 0x000001e34beab000, 0x000001e34bec5800,
0x000001e34bec8800, 0x000001e34becc800, 0x000001e34bed0000, 0x000001e34bede800,
0x000001e34c92c800, 0x000001e34c92f000, 0x000001e34cfeb000, 0x000001e34d252800,
0x000001e34d1e5800, 0x000001e34d36d000, 0x000001e34d36d800, 0x000001e34d95f800,
0x000001e34d396000
}

Java Threads: ( => current thread )
  0x000001e32d827800 JavaThread "Forwarding clickElement on session 0d765f14286f49fde9769a72399a4298 to remote" [_thread_in_native, id=4252, stack(0x00000020faa00000,0x00000020fab00000)]
  0x000001e34bea4000 JavaThread "Reference Handler" daemon [_thread_blocked, id=19292, stack(0x00000020fb100000,0x00000020fb200000)]
  0x000001e34beab000 JavaThread "Finalizer" daemon [_thread_blocked, id=16108, stack(0x00000020fb200000,0x00000020fb300000)]
  0x000001e34bec5800 JavaThread "Signal Dispatcher" daemon [_thread_blocked, id=11484, stack(0x00000020fb300000,0x00000020fb400000)]
  0x000001e34bec8800 JavaThread "Attach Listener" daemon [_thread_blocked, id=14312, stack(0x00000020fb400000,0x00000020fb500000)]
=>0x000001e34becc800 JavaThread "C2 CompilerThread0" daemon [_thread_in_native, id=17264, stack(0x00000020fb500000,0x00000020fb600000)]
  0x000001e34bed0000 JavaThread "C1 CompilerThread0" daemon [_thread_blocked, id=14800, stack(0x00000020fb600000,0x00000020fb700000)]
  0x000001e34bede800 JavaThread "Sweeper thread" daemon [_thread_blocked, id=18252, stack(0x00000020fb700000,0x00000020fb800000)]
  0x000001e34c92c800 JavaThread "Service Thread" daemon [_thread_blocked, id=12012, stack(0x00000020fb800000,0x00000020fb900000)]
  0x000001e34c92f000 JavaThread "Common-Cleaner" daemon [_thread_blocked, id=3868, stack(0x00000020fba00000,0x00000020fbb00000)]
  0x000001e34cfeb000 JavaThread "ReaderThread" [_thread_in_native, id=16380, stack(0x00000020fbc00000,0x00000020fbd00000)]
  0x000001e34d252800 JavaThread "Exec Default Executor" daemon [_thread_in_native, id=2800, stack(0x00000020fc200000,0x00000020fc300000)]
  0x000001e34d1e5800 JavaThread "UrlChecker-2" daemon [_thread_blocked, id=3784, stack(0x00000020fc300000,0x00000020fc400000)]
  0x000001e34d36d000 JavaThread "Exec Stream Pumper" daemon [_thread_in_native, id=13912, stack(0x00000020fc400000,0x00000020fc500000)]
  0x000001e34d36d800 JavaThread "Exec Stream Pumper" daemon [_thread_in_native, id=19272, stack(0x00000020fc500000,0x00000020fc600000)]
  0x000001e34d95f800 JavaThread "OkHttp ConnectionPool" daemon [_thread_blocked, id=13080, stack(0x00000020fc700000,0x00000020fc800000)]
  0x000001e34d396000 JavaThread "Okio Watchdog" daemon [_thread_blocked, id=15068, stack(0x00000020fc800000,0x00000020fc900000)]

Other Threads:
  0x000001e34be7c800 VMThread "VM Thread" [stack: 0x00000020fb000000,0x00000020fb100000] [id=9484]
  0x000001e34c92e000 WatcherThread [stack: 0x00000020fb900000,0x00000020fba00000] [id=15740]
  0x000001e32d869800 GCTaskThread "GC Thread#0" [stack: 0x00000020fab00000,0x00000020fac00000] [id=2580]
  0x000001e34d0f7000 GCTaskThread "GC Thread#1" [stack: 0x00000020fbd00000,0x00000020fbe00000] [id=10632]
  0x000001e34d1a8800 GCTaskThread "GC Thread#2" [stack: 0x00000020fbe00000,0x00000020fbf00000] [id=3488]
  0x000001e34d1a9800 GCTaskThread "GC Thread#3" [stack: 0x00000020fbf00000,0x00000020fc000000] [id=17240]
  0x000001e32d87d800 ConcurrentGCThread "G1 Main Marker" [stack: 0x00000020fac00000,0x00000020fad00000] [id=5728]
  0x000001e32d880000 ConcurrentGCThread "G1 Conc#0" [stack: 0x00000020fad00000,0x00000020fae00000] [id=5360]
  0x000001e34bd00800 ConcurrentGCThread "G1 Refine#0" [stack: 0x00000020fae00000,0x00000020faf00000] [id=16392]
  0x000001e34d1ba000 ConcurrentGCThread "G1 Refine#1" [stack: 0x00000020fc000000,0x00000020fc100000] [id=19032]
  0x000001e34bd01000 ConcurrentGCThread "G1 Young RemSet Sampling" [stack: 0x00000020faf00000,0x00000020fb000000] [id=3208]

Threads with active compile tasks:
C2 CompilerThread0    15766 1847       4       java.util.Properties::loadConvert (544 bytes)

VM state:not at safepoint (normal execution)

VM Mutex/Monitor currently owned by a thread: None

Heap address: 0x0000000081200000, size: 2030 MB, Compressed Oops mode: 32-bit
Narrow klass base: 0x0000000800000000, Narrow klass shift: 3
Compressed class space size: 1073741824 Address: 0x0000000800b40000

Heap:
 garbage-first heap   total 131072K, used 28306K [0x0000000081200000, 0x0000000100000000)
  region size 1024K, 24 young (24576K), 2 survivors (2048K)
 Metaspace       used 14500K, capacity 15004K, committed 15104K, reserved 1062912K
  class space    used 1750K, capacity 1951K, committed 2048K, reserved 1048576K
Heap Regions: E=young(eden), S=young(survivor), O=old, HS=humongous(starts), HC=humongous(continues), CS=collection set, F=free, A=archive, TAMS=top-at-mark-start (previous, next)
|   0|0x0000000081200000, 0x0000000081300000, 0x0000000081300000|100%|HS|  |TAMS 0x0000000081200000, 0x0000000081200000| Complete 
|   1|0x0000000081300000, 0x0000000081400000, 0x0000000081400000|100%| O|  |TAMS 0x0000000081300000, 0x0000000081300000| Untracked 
|   2|0x0000000081400000, 0x0000000081500000, 0x0000000081500000|100%| O|  |TAMS 0x0000000081400000, 0x0000000081400000| Untracked 
|   3|0x0000000081500000, 0x0000000081600000, 0x0000000081600000|100%| O|  |TAMS 0x0000000081500000, 0x0000000081500000| Untracked 
|   4|0x0000000081600000, 0x0000000081700000, 0x0000000081700000|100%| O|  |TAMS 0x0000000081600000, 0x0000000081600000| Untracked 
|   5|0x0000000081700000, 0x0000000081785600, 0x0000000081800000| 52%| O|  |TAMS 0x0000000081700000, 0x0000000081700000| Untracked 
|   6|0x0000000081800000, 0x0000000081800000, 0x0000000081900000|  0%| F|  |TAMS 0x0000000081800000, 0x0000000081800000| Untracked 
|   7|0x0000000081900000, 0x0000000081900000, 0x0000000081a00000|  0%| F|  |TAMS 0x0000000081900000, 0x0000000081900000| Untracked 
|   8|0x0000000081a00000, 0x0000000081a00000, 0x0000000081b00000|  0%| F|  |TAMS 0x0000000081a00000, 0x0000000081a00000| Untracked 
|   9|0x0000000081b00000, 0x0000000081b00000, 0x0000000081c00000|  0%| F|  |TAMS 0x0000000081b00000, 0x0000000081b00000| Untracked 
|  10|0x0000000081c00000, 0x0000000081c00000, 0x0000000081d00000|  0%| F|  |TAMS 0x0000000081c00000, 0x0000000081c00000| Untracked 
|  11|0x0000000081d00000, 0x0000000081d00000, 0x0000000081e00000|  0%| F|  |TAMS 0x0000000081d00000, 0x0000000081d00000| Untracked 
|  12|0x0000000081e00000, 0x0000000081e00000, 0x0000000081f00000|  0%| F|  |TAMS 0x0000000081e00000, 0x0000000081e00000| Untracked 
|  13|0x0000000081f00000, 0x0000000081f00000, 0x0000000082000000|  0%| F|  |TAMS 0x0000000081f00000, 0x0000000081f00000| Untracked 
|  14|0x0000000082000000, 0x0000000082000000, 0x0000000082100000|  0%| F|  |TAMS 0x0000000082000000, 0x0000000082000000| Untracked 
|  15|0x0000000082100000, 0x0000000082100000, 0x0000000082200000|  0%| F|  |TAMS 0x0000000082100000, 0x0000000082100000| Untracked 
|  16|0x0000000082200000, 0x0000000082200000, 0x0000000082300000|  0%| F|  |TAMS 0x0000000082200000, 0x0000000082200000| Untracked 
|  17|0x0000000082300000, 0x0000000082300000, 0x0000000082400000|  0%| F|  |TAMS 0x0000000082300000, 0x0000000082300000| Untracked 
|  18|0x0000000082400000, 0x0000000082400000, 0x0000000082500000|  0%| F|  |TAMS 0x0000000082400000, 0x0000000082400000| Untracked 
|  19|0x0000000082500000, 0x0000000082500000, 0x0000000082600000|  0%| F|  |TAMS 0x0000000082500000, 0x0000000082500000| Untracked 
|  20|0x0000000082600000, 0x0000000082600000, 0x0000000082700000|  0%| F|  |TAMS 0x0000000082600000, 0x0000000082600000| Untracked 
|  21|0x0000000082700000, 0x0000000082700000, 0x0000000082800000|  0%| F|  |TAMS 0x0000000082700000, 0x0000000082700000| Untracked 
|  22|0x0000000082800000, 0x0000000082800000, 0x0000000082900000|  0%| F|  |TAMS 0x0000000082800000, 0x0000000082800000| Untracked 
|  23|0x0000000082900000, 0x0000000082900000, 0x0000000082a00000|  0%| F|  |TAMS 0x0000000082900000, 0x0000000082900000| Untracked 
|  24|0x0000000082a00000, 0x0000000082a00000, 0x0000000082b00000|  0%| F|  |TAMS 0x0000000082a00000, 0x0000000082a00000| Untracked 
|  25|0x0000000082b00000, 0x0000000082b00000, 0x0000000082c00000|  0%| F|  |TAMS 0x0000000082b00000, 0x0000000082b00000| Untracked 
|  26|0x0000000082c00000, 0x0000000082c00000, 0x0000000082d00000|  0%| F|  |TAMS 0x0000000082c00000, 0x0000000082c00000| Untracked 
|  27|0x0000000082d00000, 0x0000000082d00000, 0x0000000082e00000|  0%| F|  |TAMS 0x0000000082d00000, 0x0000000082d00000| Untracked 
|  28|0x0000000082e00000, 0x0000000082e00000, 0x0000000082f00000|  0%| F|  |TAMS 0x0000000082e00000, 0x0000000082e00000| Untracked 
|  29|0x0000000082f00000, 0x0000000082f00000, 0x0000000083000000|  0%| F|  |TAMS 0x0000000082f00000, 0x0000000082f00000| Untracked 
|  30|0x0000000083000000, 0x0000000083000000, 0x0000000083100000|  0%| F|  |TAMS 0x0000000083000000, 0x0000000083000000| Untracked 
|  31|0x0000000083100000, 0x0000000083100000, 0x0000000083200000|  0%| F|  |TAMS 0x0000000083100000, 0x0000000083100000| Untracked 
|  32|0x0000000083200000, 0x0000000083200000, 0x0000000083300000|  0%| F|  |TAMS 0x0000000083200000, 0x0000000083200000| Untracked 
|  33|0x0000000083300000, 0x0000000083300000, 0x0000000083400000|  0%| F|  |TAMS 0x0000000083300000, 0x0000000083300000| Untracked 
|  34|0x0000000083400000, 0x0000000083400000, 0x0000000083500000|  0%| F|  |TAMS 0x0000000083400000, 0x0000000083400000| Untracked 
|  35|0x0000000083500000, 0x0000000083500000, 0x0000000083600000|  0%| F|  |TAMS 0x0000000083500000, 0x0000000083500000| Untracked 
|  36|0x0000000083600000, 0x0000000083600000, 0x0000000083700000|  0%| F|  |TAMS 0x0000000083600000, 0x0000000083600000| Untracked 
|  37|0x0000000083700000, 0x0000000083700000, 0x0000000083800000|  0%| F|  |TAMS 0x0000000083700000, 0x0000000083700000| Untracked 
|  38|0x0000000083800000, 0x0000000083800000, 0x0000000083900000|  0%| F|  |TAMS 0x0000000083800000, 0x0000000083800000| Untracked 
|  39|0x0000000083900000, 0x0000000083900000, 0x0000000083a00000|  0%| F|  |TAMS 0x0000000083900000, 0x0000000083900000| Untracked 
|  40|0x0000000083a00000, 0x0000000083a00000, 0x0000000083b00000|  0%| F|  |TAMS 0x0000000083a00000, 0x0000000083a00000| Untracked 
|  41|0x0000000083b00000, 0x0000000083b00000, 0x0000000083c00000|  0%| F|  |TAMS 0x0000000083b00000, 0x0000000083b00000| Untracked 
|  42|0x0000000083c00000, 0x0000000083c00000, 0x0000000083d00000|  0%| F|  |TAMS 0x0000000083c00000, 0x0000000083c00000| Untracked 
|  43|0x0000000083d00000, 0x0000000083d00000, 0x0000000083e00000|  0%| F|  |TAMS 0x0000000083d00000, 0x0000000083d00000| Untracked 
|  44|0x0000000083e00000, 0x0000000083e00000, 0x0000000083f00000|  0%| F|  |TAMS 0x0000000083e00000, 0x0000000083e00000| Untracked 
|  45|0x0000000083f00000, 0x0000000083f00000, 0x0000000084000000|  0%| F|  |TAMS 0x0000000083f00000, 0x0000000083f00000| Untracked 
|  46|0x0000000084000000, 0x0000000084000000, 0x0000000084100000|  0%| F|  |TAMS 0x0000000084000000, 0x0000000084000000| Untracked 
|  47|0x0000000084100000, 0x0000000084100000, 0x0000000084200000|  0%| F|  |TAMS 0x0000000084100000, 0x0000000084100000| Untracked 
|  48|0x0000000084200000, 0x0000000084200000, 0x0000000084300000|  0%| F|  |TAMS 0x0000000084200000, 0x0000000084200000| Untracked 
|  49|0x0000000084300000, 0x0000000084300000, 0x0000000084400000|  0%| F|  |TAMS 0x0000000084300000, 0x0000000084300000| Untracked 
|  50|0x0000000084400000, 0x0000000084400000, 0x0000000084500000|  0%| F|  |TAMS 0x0000000084400000, 0x0000000084400000| Untracked 
|  51|0x0000000084500000, 0x0000000084500000, 0x0000000084600000|  0%| F|  |TAMS 0x0000000084500000, 0x0000000084500000| Untracked 
|  52|0x0000000084600000, 0x0000000084600000, 0x0000000084700000|  0%| F|  |TAMS 0x0000000084600000, 0x0000000084600000| Untracked 
|  53|0x0000000084700000, 0x0000000084700000, 0x0000000084800000|  0%| F|  |TAMS 0x0000000084700000, 0x0000000084700000| Untracked 
|  54|0x0000000084800000, 0x0000000084800000, 0x0000000084900000|  0%| F|  |TAMS 0x0000000084800000, 0x0000000084800000| Untracked 
|  55|0x0000000084900000, 0x0000000084900000, 0x0000000084a00000|  0%| F|  |TAMS 0x0000000084900000, 0x0000000084900000| Untracked 
|  56|0x0000000084a00000, 0x0000000084a00000, 0x0000000084b00000|  0%| F|  |TAMS 0x0000000084a00000, 0x0000000084a00000| Untracked 
|  57|0x0000000084b00000, 0x0000000084b00000, 0x0000000084c00000|  0%| F|  |TAMS 0x0000000084b00000, 0x0000000084b00000| Untracked 
|  58|0x0000000084c00000, 0x0000000084c00000, 0x0000000084d00000|  0%| F|  |TAMS 0x0000000084c00000, 0x0000000084c00000| Untracked 
|  59|0x0000000084d00000, 0x0000000084d00000, 0x0000000084e00000|  0%| F|  |TAMS 0x0000000084d00000, 0x0000000084d00000| Untracked 
|  60|0x0000000084e00000, 0x0000000084e00000, 0x0000000084f00000|  0%| F|  |TAMS 0x0000000084e00000, 0x0000000084e00000| Untracked 
|  61|0x0000000084f00000, 0x0000000084f00000, 0x0000000085000000|  0%| F|  |TAMS 0x0000000084f00000, 0x0000000084f00000| Untracked 
|  62|0x0000000085000000, 0x0000000085000000, 0x0000000085100000|  0%| F|  |TAMS 0x0000000085000000, 0x0000000085000000| Untracked 
|  63|0x0000000085100000, 0x0000000085100000, 0x0000000085200000|  0%| F|  |TAMS 0x0000000085100000, 0x0000000085100000| Untracked 
|  64|0x0000000085200000, 0x0000000085200000, 0x0000000085300000|  0%| F|  |TAMS 0x0000000085200000, 0x0000000085200000| Untracked 
|  65|0x0000000085300000, 0x0000000085300000, 0x0000000085400000|  0%| F|  |TAMS 0x0000000085300000, 0x0000000085300000| Untracked 
|  66|0x0000000085400000, 0x0000000085400000, 0x0000000085500000|  0%| F|  |TAMS 0x0000000085400000, 0x0000000085400000| Untracked 
|  67|0x0000000085500000, 0x0000000085500000, 0x0000000085600000|  0%| F|  |TAMS 0x0000000085500000, 0x0000000085500000| Untracked 
|  68|0x0000000085600000, 0x0000000085600000, 0x0000000085700000|  0%| F|  |TAMS 0x0000000085600000, 0x0000000085600000| Untracked 
|  69|0x0000000085700000, 0x0000000085700000, 0x0000000085800000|  0%| F|  |TAMS 0x0000000085700000, 0x0000000085700000| Untracked 
|  70|0x0000000085800000, 0x0000000085800000, 0x0000000085900000|  0%| F|  |TAMS 0x0000000085800000, 0x0000000085800000| Untracked 
|  71|0x0000000085900000, 0x0000000085900000, 0x0000000085a00000|  0%| F|  |TAMS 0x0000000085900000, 0x0000000085900000| Untracked 
|  72|0x0000000085a00000, 0x0000000085a00000, 0x0000000085b00000|  0%| F|  |TAMS 0x0000000085a00000, 0x0000000085a00000| Untracked 
|  73|0x0000000085b00000, 0x0000000085b00000, 0x0000000085c00000|  0%| F|  |TAMS 0x0000000085b00000, 0x0000000085b00000| Untracked 
|  74|0x0000000085c00000, 0x0000000085c00000, 0x0000000085d00000|  0%| F|  |TAMS 0x0000000085c00000, 0x0000000085c00000| Untracked 
|  75|0x0000000085d00000, 0x0000000085d00000, 0x0000000085e00000|  0%| F|  |TAMS 0x0000000085d00000, 0x0000000085d00000| Untracked 
|  76|0x0000000085e00000, 0x0000000085e00000, 0x0000000085f00000|  0%| F|  |TAMS 0x0000000085e00000, 0x0000000085e00000| Untracked 
|  77|0x0000000085f00000, 0x0000000085f00000, 0x0000000086000000|  0%| F|  |TAMS 0x0000000085f00000, 0x0000000085f00000| Untracked 
|  78|0x0000000086000000, 0x0000000086000000, 0x0000000086100000|  0%| F|  |TAMS 0x0000000086000000, 0x0000000086000000| Untracked 
|  79|0x0000000086100000, 0x0000000086100000, 0x0000000086200000|  0%| F|  |TAMS 0x0000000086100000, 0x0000000086100000| Untracked 
|  80|0x0000000086200000, 0x0000000086200000, 0x0000000086300000|  0%| F|  |TAMS 0x0000000086200000, 0x0000000086200000| Untracked 
|  81|0x0000000086300000, 0x0000000086300000, 0x0000000086400000|  0%| F|  |TAMS 0x0000000086300000, 0x0000000086300000| Untracked 
|  82|0x0000000086400000, 0x0000000086400000, 0x0000000086500000|  0%| F|  |TAMS 0x0000000086400000, 0x0000000086400000| Untracked 
|  83|0x0000000086500000, 0x0000000086500000, 0x0000000086600000|  0%| F|  |TAMS 0x0000000086500000, 0x0000000086500000| Untracked 
|  84|0x0000000086600000, 0x0000000086600000, 0x0000000086700000|  0%| F|  |TAMS 0x0000000086600000, 0x0000000086600000| Untracked 
|  85|0x0000000086700000, 0x0000000086700000, 0x0000000086800000|  0%| F|  |TAMS 0x0000000086700000, 0x0000000086700000| Untracked 
|  86|0x0000000086800000, 0x0000000086800000, 0x0000000086900000|  0%| F|  |TAMS 0x0000000086800000, 0x0000000086800000| Untracked 
|  87|0x0000000086900000, 0x0000000086900000, 0x0000000086a00000|  0%| F|  |TAMS 0x0000000086900000, 0x0000000086900000| Untracked 
|  88|0x0000000086a00000, 0x0000000086a00000, 0x0000000086b00000|  0%| F|  |TAMS 0x0000000086a00000, 0x0000000086a00000| Untracked 
|  89|0x0000000086b00000, 0x0000000086b00000, 0x0000000086c00000|  0%| F|  |TAMS 0x0000000086b00000, 0x0000000086b00000| Untracked 
|  90|0x0000000086c00000, 0x0000000086c00000, 0x0000000086d00000|  0%| F|  |TAMS 0x0000000086c00000, 0x0000000086c00000| Untracked 
|  91|0x0000000086d00000, 0x0000000086d00000, 0x0000000086e00000|  0%| F|  |TAMS 0x0000000086d00000, 0x0000000086d00000| Untracked 
|  92|0x0000000086e00000, 0x0000000086e00000, 0x0000000086f00000|  0%| F|  |TAMS 0x0000000086e00000, 0x0000000086e00000| Untracked 
|  93|0x0000000086f00000, 0x0000000086f00000, 0x0000000087000000|  0%| F|  |TAMS 0x0000000086f00000, 0x0000000086f00000| Untracked 
|  94|0x0000000087000000, 0x0000000087000000, 0x0000000087100000|  0%| F|  |TAMS 0x0000000087000000, 0x0000000087000000| Untracked 
|  95|0x0000000087100000, 0x0000000087100000, 0x0000000087200000|  0%| F|  |TAMS 0x0000000087100000, 0x0000000087100000| Untracked 
|  96|0x0000000087200000, 0x0000000087200000, 0x0000000087300000|  0%| F|  |TAMS 0x0000000087200000, 0x0000000087200000| Untracked 
|  97|0x0000000087300000, 0x0000000087300000, 0x0000000087400000|  0%| F|  |TAMS 0x0000000087300000, 0x0000000087300000| Untracked 
|  98|0x0000000087400000, 0x0000000087400000, 0x0000000087500000|  0%| F|  |TAMS 0x0000000087400000, 0x0000000087400000| Untracked 
|  99|0x0000000087500000, 0x0000000087500000, 0x0000000087600000|  0%| F|  |TAMS 0x0000000087500000, 0x0000000087500000| Untracked 
| 100|0x0000000087600000, 0x0000000087600000, 0x0000000087700000|  0%| F|  |TAMS 0x0000000087600000, 0x0000000087600000| Untracked 
| 101|0x0000000087700000, 0x0000000087700000, 0x0000000087800000|  0%| F|  |TAMS 0x0000000087700000, 0x0000000087700000| Untracked 
| 102|0x0000000087800000, 0x0000000087800000, 0x0000000087900000|  0%| F|  |TAMS 0x0000000087800000, 0x0000000087800000| Untracked 
| 103|0x0000000087900000, 0x0000000087900000, 0x0000000087a00000|  0%| F|  |TAMS 0x0000000087900000, 0x0000000087900000| Untracked 
| 104|0x0000000087a00000, 0x0000000087b00000, 0x0000000087b00000|100%| E|  |TAMS 0x0000000087a00000, 0x0000000087a00000| Complete 
| 105|0x0000000087b00000, 0x0000000087c00000, 0x0000000087c00000|100%| E|CS|TAMS 0x0000000087b00000, 0x0000000087b00000| Complete 
| 106|0x0000000087c00000, 0x0000000087d00000, 0x0000000087d00000|100%| E|CS|TAMS 0x0000000087c00000, 0x0000000087c00000| Complete 
| 107|0x0000000087d00000, 0x0000000087e00000, 0x0000000087e00000|100%| E|CS|TAMS 0x0000000087d00000, 0x0000000087d00000| Complete 
| 108|0x0000000087e00000, 0x0000000087f00000, 0x0000000087f00000|100%| E|CS|TAMS 0x0000000087e00000, 0x0000000087e00000| Complete 
| 109|0x0000000087f00000, 0x0000000088000000, 0x0000000088000000|100%| E|CS|TAMS 0x0000000087f00000, 0x0000000087f00000| Complete 
| 110|0x0000000088000000, 0x0000000088100000, 0x0000000088100000|100%| E|CS|TAMS 0x0000000088000000, 0x0000000088000000| Complete 
| 111|0x0000000088100000, 0x0000000088200000, 0x0000000088200000|100%| E|CS|TAMS 0x0000000088100000, 0x0000000088100000| Complete 
| 112|0x0000000088200000, 0x0000000088300000, 0x0000000088300000|100%| E|CS|TAMS 0x0000000088200000, 0x0000000088200000| Complete 
| 113|0x0000000088300000, 0x0000000088400000, 0x0000000088400000|100%| E|CS|TAMS 0x0000000088300000, 0x0000000088300000| Complete 
| 114|0x0000000088400000, 0x0000000088500000, 0x0000000088500000|100%| E|CS|TAMS 0x0000000088400000, 0x0000000088400000| Complete 
| 115|0x0000000088500000, 0x0000000088600000, 0x0000000088600000|100%| E|CS|TAMS 0x0000000088500000, 0x0000000088500000| Complete 
| 116|0x0000000088600000, 0x0000000088700000, 0x0000000088700000|100%| E|CS|TAMS 0x0000000088600000, 0x0000000088600000| Complete 
| 117|0x0000000088700000, 0x000000008871f3c0, 0x0000000088800000| 12%| S|CS|TAMS 0x0000000088700000, 0x0000000088700000| Complete 
| 118|0x0000000088800000, 0x0000000088900000, 0x0000000088900000|100%| S|CS|TAMS 0x0000000088800000, 0x0000000088800000| Complete 
| 119|0x0000000088900000, 0x0000000088a00000, 0x0000000088a00000|100%| E|CS|TAMS 0x0000000088900000, 0x0000000088900000| Complete 
| 120|0x0000000088a00000, 0x0000000088b00000, 0x0000000088b00000|100%| E|CS|TAMS 0x0000000088a00000, 0x0000000088a00000| Complete 
| 121|0x0000000088b00000, 0x0000000088c00000, 0x0000000088c00000|100%| E|CS|TAMS 0x0000000088b00000, 0x0000000088b00000| Complete 
| 122|0x0000000088c00000, 0x0000000088d00000, 0x0000000088d00000|100%| E|CS|TAMS 0x0000000088c00000, 0x0000000088c00000| Complete 
| 123|0x0000000088d00000, 0x0000000088e00000, 0x0000000088e00000|100%| E|CS|TAMS 0x0000000088d00000, 0x0000000088d00000| Complete 
| 124|0x0000000088e00000, 0x0000000088f00000, 0x0000000088f00000|100%| E|CS|TAMS 0x0000000088e00000, 0x0000000088e00000| Complete 
| 125|0x0000000088f00000, 0x0000000089000000, 0x0000000089000000|100%| E|CS|TAMS 0x0000000088f00000, 0x0000000088f00000| Complete 
| 126|0x0000000089000000, 0x0000000089100000, 0x0000000089100000|100%| E|CS|TAMS 0x0000000089000000, 0x0000000089000000| Complete 
| 127|0x0000000089100000, 0x0000000089200000, 0x0000000089200000|100%| E|CS|TAMS 0x0000000089100000, 0x0000000089100000| Complete 

Card table byte_map: [0x000001e345120000,0x000001e345520000] _byte_map_base: 0x000001e344d17000

Marking Bits (Prev, Next): (CMBitMap*) 0x000001e32d86a638, (CMBitMap*) 0x000001e32d86a678
 Prev Bits: [0x000001e345920000, 0x000001e3478d8000)
 Next Bits: [0x000001e3478e0000, 0x000001e349898000)

Polling page: 0x000001e32b5e0000

Metaspace:

Usage:
  Non-class:     12.75 MB capacity,    12.45 MB ( 98%) used,   250.58 KB (  2%) free+waste,    52.50 KB ( <1%) overhead. 
      Class:      1.91 MB capacity,     1.71 MB ( 90%) used,   172.89 KB (  9%) free+waste,    27.50 KB (  1%) overhead. 
       Both:     14.65 MB capacity,    14.16 MB ( 97%) used,   423.47 KB (  3%) free+waste,    80.00 KB ( <1%) overhead. 

Virtual space:
  Non-class space:       14.00 MB reserved,      12.75 MB ( 91%) committed 
      Class space:        1.00 GB reserved,       2.00 MB ( <1%) committed 
             Both:        1.01 GB reserved,      14.75 MB (  1%) committed 

Chunk freelists:
   Non-Class:  3.00 KB
       Class:  1.00 KB
        Both:  4.00 KB

MaxMetaspaceSize: 17179869184.00 GB
CompressedClassSpaceSize: 1.00 GB

CodeHeap 'non-profiled nmethods': size=120064Kb used=631Kb max_used=631Kb free=119432Kb
 bounds [0x000001e33d7e0000, 0x000001e33da50000, 0x000001e344d20000]
CodeHeap 'profiled nmethods': size=120000Kb used=3704Kb max_used=3704Kb free=116295Kb
 bounds [0x000001e3362b0000, 0x000001e336650000, 0x000001e33d7e0000]
CodeHeap 'non-nmethods': size=5696Kb used=1238Kb max_used=1255Kb free=4458Kb
 bounds [0x000001e335d20000, 0x000001e335f90000, 0x000001e3362b0000]
 total_blobs=3062 nmethods=1859 adapters=415
 compilation: enabled
              stopped_count=0, restarted_count=0
 full_count=0

Compilation events (20 events):
Event: 15.699 Thread 0x000001e34bed0000 1851       3       java.lang.StringBuilder::append (8 bytes)
Event: 15.699 Thread 0x000001e34bed0000 nmethod 1851 0x000001e336646e90 code [0x000001e336647040, 0x000001e336647210]
Event: 15.699 Thread 0x000001e34bed0000 1852       3       java.lang.AbstractStringBuilder::append (54 bytes)
Event: 15.700 Thread 0x000001e34bed0000 nmethod 1852 0x000001e336647290 code [0x000001e3366474a0, 0x000001e336647eb0]
Event: 15.700 Thread 0x000001e34bed0000 1853       3       java.net.URI$Parser::scan (41 bytes)
Event: 15.701 Thread 0x000001e34bed0000 nmethod 1853 0x000001e336648010 code [0x000001e336648260, 0x000001e336648c00]
Event: 15.717 Thread 0x000001e34bed0000 1854       3       java.lang.StringCoding::hasNegatives (25 bytes)
Event: 15.718 Thread 0x000001e34bed0000 nmethod 1854 0x000001e336649010 code [0x000001e3366491c0, 0x000001e336649438]
Event: 15.718 Thread 0x000001e34bed0000 1855       3       okio.Util::checkOffsetAndCount (64 bytes)
Event: 15.719 Thread 0x000001e34bed0000 nmethod 1855 0x000001e336649590 code [0x000001e336649860, 0x000001e33664a8c0]
Event: 15.719 Thread 0x000001e34bed0000 1856       1       okhttp3.Response::body (5 bytes)
Event: 15.719 Thread 0x000001e34bed0000 nmethod 1856 0x000001e33d87da10 code [0x000001e33d87dba0, 0x000001e33d87dcd8]
Event: 15.719 Thread 0x000001e34bed0000 1857       3       java.util.Formatter$FormatSpecifier::<init> (259 bytes)
Event: 15.721 Thread 0x000001e34bed0000 nmethod 1857 0x000001e33664ae10 code [0x000001e33664b260, 0x000001e33664cba0]
Event: 15.721 Thread 0x000001e34bed0000 1858   !   3       java.util.Formatter$FormatSpecifier::index (50 bytes)
Event: 15.721 Thread 0x000001e34bed0000 nmethod 1858 0x000001e33664d510 code [0x000001e33664d6c0, 0x000001e33664d930]
Event: 15.721 Thread 0x000001e34bed0000 1859       3       java.util.Formatter$Conversion::isText (32 bytes)
Event: 15.721 Thread 0x000001e34bed0000 nmethod 1859 0x000001e33664da10 code [0x000001e33664dbc0, 0x000001e33664dd78]
Event: 15.721 Thread 0x000001e34bed0000 1860       3       java.util.regex.Pattern$LastNode::match (45 bytes)
Event: 15.722 Thread 0x000001e34bed0000 nmethod 1860 0x000001e33664de10 code [0x000001e33664dfc0, 0x000001e33664e238]

GC Heap History (4 events):
Event: 0.727 GC heap before
{Heap before GC invocations=0 (full 0):
 garbage-first heap   total 131072K, used 14336K [0x0000000081200000, 0x0000000100000000)
  region size 1024K, 14 young (14336K), 0 survivors (0K)
 Metaspace       used 5925K, capacity 6802K, committed 6912K, reserved 1056768K
  class space    used 655K, capacity 740K, committed 768K, reserved 1048576K
}
Event: 0.732 GC heap after
{Heap after GC invocations=1 (full 0):
 garbage-first heap   total 131072K, used 5398K [0x0000000081200000, 0x0000000100000000)
  region size 1024K, 2 young (2048K), 2 survivors (2048K)
 Metaspace       used 5925K, capacity 6802K, committed 6912K, reserved 1056768K
  class space    used 655K, capacity 740K, committed 768K, reserved 1048576K
}
Event: 0.941 GC heap before
{Heap before GC invocations=1 (full 0):
 garbage-first heap   total 131072K, used 14614K [0x0000000081200000, 0x0000000100000000)
  region size 1024K, 11 young (11264K), 2 survivors (2048K)
 Metaspace       used 9028K, capacity 9273K, committed 9344K, reserved 1056768K
  class space    used 1024K, capacity 1116K, committed 1152K, reserved 1048576K
}
Event: 0.945 GC heap after
{Heap after GC invocations=2 (full 0):
 garbage-first heap   total 131072K, used 6802K [0x0000000081200000, 0x0000000100000000)
  region size 1024K, 2 young (2048K), 2 survivors (2048K)
 Metaspace       used 9028K, capacity 9273K, committed 9344K, reserved 1056768K
  class space    used 1024K, capacity 1116K, committed 1152K, reserved 1048576K
}

Deoptimization events (20 events):
Event: 15.487 Thread 0x000001e32d827800 Uncommon trap: trap_request=0xffffff45 fr.pc=0x000001e33d86ec90 relative=0x0000000000000270
Event: 15.487 Thread 0x000001e32d827800 Uncommon trap: reason=unstable_if action=reinterpret pc=0x000001e33d86ec90 method=java.lang.String.getChars(II[CI)V @ 23 c2
Event: 15.487 Thread 0x000001e32d827800 DEOPT PACKING pc=0x000001e33d86ec90 sp=0x00000020faafcf60
Event: 15.487 Thread 0x000001e32d827800 DEOPT UNPACKING pc=0x000001e335d6912f sp=0x00000020faafcef8 mode 2
Event: 15.487 Thread 0x000001e32d827800 Uncommon trap: trap_request=0xffffff45 fr.pc=0x000001e33d7f9924 relative=0x0000000000000384
Event: 15.487 Thread 0x000001e32d827800 Uncommon trap: reason=unstable_if action=reinterpret pc=0x000001e33d7f9924 method=java.lang.StringLatin1.canEncode(I)Z @ 4 c2
Event: 15.487 Thread 0x000001e32d827800 DEOPT PACKING pc=0x000001e33d7f9924 sp=0x00000020faafc660
Event: 15.487 Thread 0x000001e32d827800 DEOPT UNPACKING pc=0x000001e335d6912f sp=0x00000020faafc588 mode 2
Event: 15.487 Thread 0x000001e32d827800 Uncommon trap: trap_request=0xffffff45 fr.pc=0x000001e33d7fa610 relative=0x0000000000000370
Event: 15.487 Thread 0x000001e32d827800 Uncommon trap: reason=unstable_if action=reinterpret pc=0x000001e33d7fa610 method=java.lang.AbstractStringBuilder.isLatin1()Z @ 10 c2
Event: 15.487 Thread 0x000001e32d827800 DEOPT PACKING pc=0x000001e33d7fa610 sp=0x00000020faafc600
Event: 15.487 Thread 0x000001e32d827800 DEOPT UNPACKING pc=0x000001e335d6912f sp=0x00000020faafc590 mode 2
Event: 15.487 Thread 0x000001e32d827800 Uncommon trap: trap_request=0xffffff45 fr.pc=0x000001e33d850088 relative=0x0000000000000068
Event: 15.487 Thread 0x000001e32d827800 Uncommon trap: reason=unstable_if action=reinterpret pc=0x000001e33d850088 method=java.lang.AbstractStringBuilder.isLatin1()Z @ 10 c2
Event: 15.487 Thread 0x000001e32d827800 DEOPT PACKING pc=0x000001e33d850088 sp=0x00000020faafc5f0
Event: 15.487 Thread 0x000001e32d827800 DEOPT UNPACKING pc=0x000001e335d6912f sp=0x00000020faafc580 mode 2
Event: 15.508 Thread 0x000001e32d827800 DEOPT PACKING pc=0x000001e336638e61 sp=0x00000020faafd640
Event: 15.508 Thread 0x000001e32d827800 DEOPT UNPACKING pc=0x000001e335d6964e sp=0x00000020faafcb38 mode 0
Event: 15.698 Thread 0x000001e32d827800 DEOPT PACKING pc=0x000001e336638e61 sp=0x00000020faafd660
Event: 15.698 Thread 0x000001e32d827800 DEOPT UNPACKING pc=0x000001e335d6964e sp=0x00000020faafcb58 mode 0

Classes unloaded (0 events):
No events

Classes redefined (0 events):
No events

Internal exceptions (20 events):
Event: 0.985 Thread 0x000001e32d827800 Exception <a 'sun/nio/fs/WindowsException'{0x0000000088fadb60}> (0x0000000088fadb60) 
thrown [t:/workspace/open/src/hotspot/share/prims/jni.cpp, line 598]
Event: 0.985 Thread 0x000001e32d827800 Exception <a 'java/lang/NoSuchMethodError'{0x0000000088faf498}: 'int java.lang.invoke.DirectMethodHandle$Holder.invokeSpecialIFC(java.lang.Object, java.lang.Object, int)'> (0x0000000088faf498) 
thrown [t:/workspace/open/src/hotspot/share/interpreter/linkResolver.cpp, line 767]
Event: 0.992 Thread 0x000001e32d827800 Exception <a 'java/lang/NoSuchMethodError'{0x0000000088fd25b8}: 'int java.lang.invoke.DirectMethodHandle$Holder.invokeStaticInit(java.lang.Object, java.lang.Object, java.lang.Object, java.lang.Object)'> (0x0000000088fd25b8) 
thrown [t:/workspace/open/src/hotspot/share/interpreter/linkResolver.cpp, line 767]
Event: 0.992 Thread 0x000001e32d827800 Exception <a 'java/lang/IncompatibleClassChangeError'{0x0000000088fdb250}: Found class java.lang.Object, but interface was expected> (0x0000000088fdb250) 
thrown [t:/workspace/open/src/hotspot/share/interpreter/linkResolver.cpp, line 833]
Event: 0.993 Thread 0x000001e32d827800 Exception <a 'java/lang/NoSuchMethodError'{0x0000000088fde418}: 'void java.lang.invoke.DirectMethodHandle$Holder.invokeStaticInit(java.lang.Object, java.lang.Object)'> (0x0000000088fde418) 
thrown [t:/workspace/open/src/hotspot/share/interpreter/linkResolver.cpp, line 767]
Event: 1.079 Thread 0x000001e34d252800 Exception <a 'java/lang/NoSuchMethodError'{0x0000000088b929e8}: 'void java.lang.invoke.DirectMethodHandle$Holder.invokeStatic(java.lang.Object, long)'> (0x0000000088b929e8) 
thrown [t:/workspace/open/src/hotspot/share/interpreter/linkResolver.cpp, line 767]
Event: 1.081 Thread 0x000001e34d252800 Exception <a 'java/lang/NoSuchMethodError'{0x0000000088b9cab8}: 'java.lang.Object java.lang.invoke.DirectMethodHandle$Holder.invokeStaticInit(java.lang.Object, java.lang.Object, long, java.lang.Object)'> (0x0000000088b9cab8) 
thrown [t:/workspace/open/src/hotspot/share/interpreter/linkResolver.cpp, line 767]
Event: 1.082 Thread 0x000001e34d252800 Exception <a 'java/lang/NoSuchMethodError'{0x0000000088ba1f10}: 'java.lang.Object java.lang.invoke.Invokers$Holder.linkToTargetMethod(java.lang.Object, long, java.lang.Object)'> (0x0000000088ba1f10) 
thrown [t:/workspace/open/src/hotspot/share/interpreter/linkResolver.cpp, line 767]
Event: 1.626 Thread 0x000001e32d827800 Exception <a 'java/lang/NoSuchMethodError'{0x0000000088ac47e8}: 'java.lang.Object java.lang.invoke.DirectMethodHandle$Holder.invokeInterface(java.lang.Object, java.lang.Object, java.lang.Object)'> (0x0000000088ac47e8) 
thrown [t:/workspace/open/src/hotspot/share/interpreter/linkResolver.cpp, line 767]
Event: 1.627 Thread 0x000001e32d827800 Exception <a 'java/lang/IncompatibleClassChangeError'{0x0000000088ac7858}: Found class java.lang.Object, but interface was expected> (0x0000000088ac7858) 
thrown [t:/workspace/open/src/hotspot/share/interpreter/linkResolver.cpp, line 833]
Event: 1.632 Thread 0x000001e32d827800 Exception <a 'java/lang/NoSuchMethodError'{0x0000000088acf8d8}: 'int java.lang.invoke.DirectMethodHandle$Holder.invokeSpecialIFC(java.lang.Object, java.lang.Object, java.lang.Object, java.lang.Object)'> (0x0000000088acf8d8) 
thrown [t:/workspace/open/src/hotspot/share/interpreter/linkResolver.cpp, line 767]
Event: 1.637 Thread 0x000001e32d827800 Exception <a 'java/lang/NoSuchMethodError'{0x0000000088ada048}: 'java.lang.Object java.lang.invoke.DirectMethodHandle$Holder.invokeInterface(java.lang.Object, java.lang.Object, java.lang.Object, java.lang.Object)'> (0x0000000088ada048) 
thrown [t:/workspace/open/src/hotspot/share/interpreter/linkResolver.cpp, line 767]
Event: 1.650 Thread 0x000001e32d827800 Exception <a 'java/lang/NoSuchMethodError'{0x0000000088afe1e0}: 'java.lang.Object java.lang.invoke.DirectMethodHandle$Holder.invokeVirtual(java.lang.Object, java.lang.Object, java.lang.Object)'> (0x0000000088afe1e0) 
thrown [t:/workspace/open/src/hotspot/share/interpreter/linkResolver.cpp, line 767]
Event: 1.699 Thread 0x000001e32d827800 Exception <a 'java/lang/NoSuchMethodError'{0x00000000889dd028}: 'double java.lang.invoke.DirectMethodHandle$Holder.invokeVirtual(java.lang.Object, java.lang.Object)'> (0x00000000889dd028) 
thrown [t:/workspace/open/src/hotspot/share/interpreter/linkResolver.cpp, line 767]
Event: 1.701 Thread 0x000001e32d827800 Exception <a 'java/lang/NoSuchMethodError'{0x00000000889e28c0}: 'float java.lang.invoke.DirectMethodHandle$Holder.invokeVirtual(java.lang.Object, java.lang.Object)'> (0x00000000889e28c0) 
thrown [t:/workspace/open/src/hotspot/share/interpreter/linkResolver.cpp, line 767]
Event: 1.702 Thread 0x000001e32d827800 Exception <a 'java/lang/NoSuchMethodError'{0x00000000889ea288}: 'long java.lang.invoke.DirectMethodHandle$Holder.invokeVirtual(java.lang.Object, java.lang.Object)'> (0x00000000889ea288) 
thrown [t:/workspace/open/src/hotspot/share/interpreter/linkResolver.cpp, line 767]
Event: 1.739 Thread 0x000001e32d827800 Exception <a 'java/lang/NoSuchMethodError'{0x000000008868b408}: 'void java.lang.invoke.DirectMethodHandle$Holder.invokeSpecial(java.lang.Object, java.lang.Object, java.lang.Object, java.lang.Object)'> (0x000000008868b408) 
thrown [t:/workspace/open/src/hotspot/share/interpreter/linkResolver.cpp, line 767]
Event: 1.772 Thread 0x000001e32d827800 Exception <a 'java/lang/NoSuchMethodError'{0x0000000088540c30}: 'void java.lang.invoke.DirectMethodHandle$Holder.invokeSpecial(java.lang.Object, java.lang.Object, java.lang.Object, java.lang.Object, java.lang.Object)'> (0x0000000088540c30) 
thrown [t:/workspace/open/src/hotspot/share/interpreter/linkResolver.cpp, line 767]
Event: 4.582 Thread 0x000001e32d827800 Exception <a 'java/lang/NoSuchMethodError'{0x0000000087d30aa8}: 'java.lang.Object java.lang.invoke.DirectMethodHandle$Holder.invokeSpecialIFC(java.lang.Object, java.lang.Object, java.lang.Object)'> (0x0000000087d30aa8) 
thrown [t:/workspace/open/src/hotspot/share/interpreter/linkResolver.cpp, line 767]
Event: 4.602 Thread 0x000001e32d827800 Exception <a 'java/lang/ClassNotFoundException'{0x0000000087dcf3c8}: sun/util/logging/resources/spi/loggingProvider> (0x0000000087dcf3c8) 
thrown [t:/workspace/open/src/hotspot/share/classfile/systemDictionary.cpp, line 232]

Events (20 events):
Event: 13.046 loading class java/io/CharArrayWriter
Event: 13.046 loading class java/io/CharArrayWriter done
Event: 13.184 loading class com/google/common/collect/Iterables$5
Event: 13.184 loading class com/google/common/collect/Iterables$5 done
Event: 13.185 loading class com/google/common/collect/FluentIterable
Event: 13.185 loading class com/google/common/collect/FluentIterable done
Event: 13.193 loading class com/google/common/collect/FluentIterable$2
Event: 13.193 loading class com/google/common/collect/FluentIterable$2 done
Event: 13.193 loading class com/google/common/collect/FluentIterable$1
Event: 13.193 loading class com/google/common/collect/FluentIterable$1 done
Event: 13.194 loading class com/google/common/collect/FluentIterable$3
Event: 13.194 loading class com/google/common/collect/FluentIterable$3 done
Event: 13.194 loading class com/google/common/collect/Lists
Event: 13.194 loading class com/google/common/collect/Lists done
Event: 13.195 loading class com/google/common/collect/Lists$StringAsImmutableList
Event: 13.195 loading class com/google/common/collect/Lists$StringAsImmutableList done
Event: 13.196 loading class org/openqa/selenium/remote/RemoteWebDriver$RemoteTargetLocator
Event: 13.196 loading class org/openqa/selenium/remote/RemoteWebDriver$RemoteTargetLocator done
Event: 13.197 loading class org/openqa/selenium/Alert
Event: 13.197 loading class org/openqa/selenium/Alert done


Dynamic libraries:
0x00007ff66c280000 - 0x00007ff66c28f000 	C:\Program Files\Java\jdk-13\bin\javaw.exe
0x00007ffaec460000 - 0x00007ffaec650000 	C:\WINDOWS\SYSTEM32\ntdll.dll
0x00007ffaebcd0000 - 0x00007ffaebd82000 	C:\WINDOWS\System32\KERNEL32.DLL
0x00007ffae9d90000 - 0x00007ffaea035000 	C:\WINDOWS\System32\KERNELBASE.dll
0x00007ffae94c0000 - 0x00007ffae95ba000 	C:\WINDOWS\System32\ucrtbase.dll
0x00007ffaaac50000 - 0x00007ffaaac65000 	C:\Program Files\Java\jdk-13\bin\VCRUNTIME140.dll
0x00007ffaaab20000 - 0x00007ffaaab38000 	C:\Program Files\Java\jdk-13\bin\jli.dll
0x00007ffaeaa00000 - 0x00007ffaeaaa3000 	C:\WINDOWS\System32\ADVAPI32.dll
0x00007ffaebab0000 - 0x00007ffaebb4e000 	C:\WINDOWS\System32\msvcrt.dll
0x00007ffaec200000 - 0x00007ffaec297000 	C:\WINDOWS\System32\sechost.dll
0x00007ffaea6b0000 - 0x00007ffaea7d0000 	C:\WINDOWS\System32\RPCRT4.dll
0x00007ffaea7d0000 - 0x00007ffaea965000 	C:\WINDOWS\System32\USER32.dll
0x00007ffaea480000 - 0x00007ffaea4a1000 	C:\WINDOWS\System32\win32u.dll
0x00007ffaebc00000 - 0x00007ffaebc26000 	C:\WINDOWS\System32\GDI32.dll
0x00007ffaea230000 - 0x00007ffaea3c6000 	C:\WINDOWS\System32\gdi32full.dll
0x00007ffaea040000 - 0x00007ffaea0de000 	C:\WINDOWS\System32\msvcp_win.dll
0x00007ffacd6a0000 - 0x00007ffacd924000 	C:\WINDOWS\WinSxS\amd64_microsoft.windows.common-controls_6595b64144ccf1df_6.0.18362.1082_none_9e8193e1e45b25c1\COMCTL32.dll
0x00007ffaeb4b0000 - 0x00007ffaeb7e5000 	C:\WINDOWS\System32\combase.dll
0x00007ffaea400000 - 0x00007ffaea480000 	C:\WINDOWS\System32\bcryptPrimitives.dll
0x00007ffad0ab0000 - 0x00007ffad0aba000 	C:\WINDOWS\SYSTEM32\VERSION.dll
0x00007ffaeba10000 - 0x00007ffaeba3e000 	C:\WINDOWS\System32\IMM32.DLL
0x00007ffaa09f0000 - 0x00007ffaa0a8b000 	C:\Program Files\Java\jdk-13\bin\msvcp140.dll
0x00007ffa77b10000 - 0x00007ffa78676000 	C:\Program Files\Java\jdk-13\bin\server\jvm.dll
0x00007ffaea640000 - 0x00007ffaea648000 	C:\WINDOWS\System32\PSAPI.DLL
0x00007ffae5f60000 - 0x00007ffae5f84000 	C:\WINDOWS\SYSTEM32\WINMM.dll
0x00007ffad0ca0000 - 0x00007ffad0ca9000 	C:\WINDOWS\SYSTEM32\WSOCK32.dll
0x00007ffaeba40000 - 0x00007ffaebaaf000 	C:\WINDOWS\System32\WS2_32.dll
0x00007ffae5f30000 - 0x00007ffae5f5d000 	C:\WINDOWS\SYSTEM32\winmmbase.dll
0x00007ffae9d40000 - 0x00007ffae9d8a000 	C:\WINDOWS\System32\cfgmgr32.dll
0x00007ffae93b0000 - 0x00007ffae93c1000 	C:\WINDOWS\System32\kernel.appcore.dll
0x00007ffae26a0000 - 0x00007ffae26b0000 	C:\Program Files\Java\jdk-13\bin\verify.dll
0x00007ffadaef0000 - 0x00007ffadb0e4000 	C:\WINDOWS\SYSTEM32\DBGHELP.DLL
0x00007ffabdc10000 - 0x00007ffabdc3a000 	C:\WINDOWS\SYSTEM32\dbgcore.DLL
0x00007ffaa5f00000 - 0x00007ffaa5f26000 	C:\Program Files\Java\jdk-13\bin\java.dll
0x00007ffad9c10000 - 0x00007ffad9c27000 	C:\Program Files\Java\jdk-13\bin\zip.dll
0x00007ffade300000 - 0x00007ffade30a000 	C:\Program Files\Java\jdk-13\bin\jimage.dll
0x00007ffaeaab0000 - 0x00007ffaeb197000 	C:\WINDOWS\System32\SHELL32.dll
0x00007ffaec370000 - 0x00007ffaec419000 	C:\WINDOWS\System32\shcore.dll
0x00007ffae95c0000 - 0x00007ffae9d40000 	C:\WINDOWS\System32\windows.storage.dll
0x00007ffae9380000 - 0x00007ffae93a3000 	C:\WINDOWS\System32\profapi.dll
0x00007ffae9330000 - 0x00007ffae937a000 	C:\WINDOWS\System32\powrprof.dll
0x00007ffae9320000 - 0x00007ffae9330000 	C:\WINDOWS\System32\UMPDC.dll
0x00007ffaea650000 - 0x00007ffaea6a2000 	C:\WINDOWS\System32\shlwapi.dll
0x00007ffae94a0000 - 0x00007ffae94b7000 	C:\WINDOWS\System32\cryptsp.dll
0x00007ffad9bc0000 - 0x00007ffad9bd9000 	C:\Program Files\Java\jdk-13\bin\net.dll
0x00007ffad8540000 - 0x00007ffad8716000 	C:\WINDOWS\SYSTEM32\urlmon.dll
0x00007ffae3bc0000 - 0x00007ffae3cb0000 	C:\WINDOWS\SYSTEM32\WINHTTP.dll
0x00007ffad8290000 - 0x00007ffad8536000 	C:\WINDOWS\SYSTEM32\iertutil.dll
0x00007ffae8d40000 - 0x00007ffae8d4c000 	C:\WINDOWS\SYSTEM32\CRYPTBASE.DLL
0x00007ffae8b70000 - 0x00007ffae8bd7000 	C:\WINDOWS\system32\mswsock.dll
0x00007ffabe390000 - 0x00007ffabe3a3000 	C:\Program Files\Java\jdk-13\bin\nio.dll
0x00007ffae88c0000 - 0x00007ffae898b000 	C:\WINDOWS\SYSTEM32\DNSAPI.dll
0x00007ffaeb440000 - 0x00007ffaeb448000 	C:\WINDOWS\System32\NSI.dll
0x00007ffae8880000 - 0x00007ffae88ba000 	C:\WINDOWS\SYSTEM32\IPHLPAPI.DLL
0x00007ffada3b0000 - 0x00007ffada3ba000 	C:\Windows\System32\rasadhlp.dll
0x00007ffada2d0000 - 0x00007ffada347000 	C:\WINDOWS\System32\fwpuclnt.dll
0x00007ffaea3d0000 - 0x00007ffaea3f6000 	C:\WINDOWS\System32\bcrypt.dll
0x00007ffae86e0000 - 0x00007ffae8713000 	C:\WINDOWS\system32\rsaenh.dll
0x00007ffae9200000 - 0x00007ffae9225000 	C:\WINDOWS\SYSTEM32\USERENV.dll
0x00007ffada3e0000 - 0x00007ffada3f6000 	C:\WINDOWS\SYSTEM32\dhcpcsvc6.DLL
0x00007ffadd4b0000 - 0x00007ffadd4cc000 	C:\WINDOWS\SYSTEM32\dhcpcsvc.DLL
0x00007ffaa4440000 - 0x00007ffaa4465000 	C:\Program Files\Java\jdk-13\bin\sunec.dll
0x00007ffadb950000 - 0x00007ffadb95e000 	C:\Program Files\Java\jdk-13\bin\sunmscapi.dll
0x00007ffaea0e0000 - 0x00007ffaea229000 	C:\WINDOWS\System32\CRYPT32.dll
0x00007ffae93d0000 - 0x00007ffae93e2000 	C:\WINDOWS\System32\MSASN1.dll
0x00007ffae8e40000 - 0x00007ffae8e66000 	C:\WINDOWS\SYSTEM32\ncrypt.dll
0x00007ffae8e00000 - 0x00007ffae8e3b000 	C:\WINDOWS\SYSTEM32\NTASN1.dll

dbghelp: loaded successfully - version: 4.0.5 - missing functions: none
symbol engine: initialized successfully - sym options: 0x614 - pdb path: .;C:\Program Files\Java\jdk-13\bin;C:\WINDOWS\SYSTEM32;C:\WINDOWS\WinSxS\amd64_microsoft.windows.common-controls_6595b64144ccf1df_6.0.18362.1082_none_9e8193e1e45b25c1;C:\Program Files\Java\jdk-13\bin\server

VM Arguments:
jvm_args: -ea -Dfile.encoding=Cp1252 
java_command: org.testng.remote.RemoteTestNG -serport 57749 -protocol json -d C:\Nerve_Automation\test-output C:\Users\GBENGA~1\AppData\Local\Temp\testng-eclipse--1497948136\testng-customsuite.xml
java_class_path (initial): C:\Users\Gbenga Kuda\eclipse\java-2019-12\eclipse\configuration\org.eclipse.osgi\490\0\.cp\lib\testng-remote.jar;C:\Nerve_Automation\target\test-classes;C:\Nerve_Automation\target\classes;C:\Users\Gbenga Kuda\.p2\pool\plugins\org.testng_7.2.0.r202003151902.jar;C:\Users\Gbenga Kuda\.p2\pool\plugins\com.beust.jcommander_1.72.0.jar;C:\Users\Gbenga Kuda\.p2\pool\plugins\org.apache-extras.beanshell.bsh_2.0.0.b6.jar;C:\Users\Gbenga Kuda\.p2\pool\plugins\org.yaml.snakeyaml_1.21.0.jar;C:\Users\Gbenga Kuda\.m2\repository\org\seleniumhq\selenium\selenium-java\3.141.59\selenium-java-3.141.59.jar;C:\Users\Gbenga Kuda\.m2\repository\org\seleniumhq\selenium\selenium-api\3.141.59\selenium-api-3.141.59.jar;C:\Users\Gbenga Kuda\.m2\repository\org\seleniumhq\selenium\selenium-chrome-driver\3.141.59\selenium-chrome-driver-3.141.59.jar;C:\Users\Gbenga Kuda\.m2\repository\org\seleniumhq\selenium\selenium-edge-driver\3.141.59\selenium-edge-driver-3.141.59.jar;C:\Users\Gbenga Kuda\.m2\repository\org\seleniumhq\selenium\selenium-firefox-driver\3.141.59\selenium-firefox-driver-3.141.59.jar;C:\Users\Gbenga Kuda\.m2\repository\org\seleniumhq\selenium\selenium-ie-driver\3.141.59\selenium-ie-driver-3.141.59.jar;C:\Users\Gbenga Kuda\.m2\repository\org\seleniumhq\selenium\selenium-opera-driver\3.141.59\selenium-opera-driver-3.141.59.jar;C:\Users\Gbenga Kuda\.m2\repository\org\seleniumhq\selenium\selenium-remote-driver\3.141.59\selenium-remote-driver-3.141.59.jar;C:\Users\Gbenga Kuda\.m2\repository\org\seleniumhq\selenium\selenium-safari-driver\3.141.59\selenium-safari-driver-3.141.59.jar;C:\Users\Gbenga Kuda\.m2\repository\org\seleniumhq\selenium\selenium-support\3.141.59\selenium-support-3.141.59.jar;C:\Users\Gbenga Kuda\.m2\repository\net\bytebuddy\byte-buddy\1.8.15\byte-buddy-1.8.15.jar;C:\Users\Gbenga Kuda\.m2\repository\org\apache\commons\commons-exec\1.3\commons-exec-1.3.jar;C:\Users\Gbenga Kuda\.m2\repository\com\google\guava\guava\25.0-jre\guava-25.0-jre.jar;C
Launcher Type: SUN_STANDARD

[Global flags]
     intx CICompilerCount                          = 3                                         {product} {ergonomic}
     uint ConcGCThreads                            = 1                                         {product} {ergonomic}
     uint G1ConcRefinementThreads                  = 4                                         {product} {ergonomic}
   size_t G1HeapRegionSize                         = 1048576                                   {product} {ergonomic}
    uintx GCDrainStackTargetSize                   = 64                                        {product} {ergonomic}
   size_t InitialHeapSize                          = 134217728                                 {product} {ergonomic}
   size_t MarkStackSize                            = 4194304                                   {product} {ergonomic}
   size_t MaxHeapSize                              = 2128609280                                {product} {ergonomic}
   size_t MaxNewSize                               = 1277165568                                {product} {ergonomic}
   size_t MinHeapDeltaBytes                        = 1048576                                   {product} {ergonomic}
   size_t MinHeapSize                              = 8388608                                   {product} {ergonomic}
    uintx NonNMethodCodeHeapSize                   = 5830732                                {pd product} {ergonomic}
    uintx NonProfiledCodeHeapSize                  = 122913754                              {pd product} {ergonomic}
    uintx ProfiledCodeHeapSize                     = 122913754                              {pd product} {ergonomic}
    uintx ReservedCodeCacheSize                    = 251658240                              {pd product} {ergonomic}
     bool SegmentedCodeCache                       = true                                      {product} {ergonomic}
   size_t SoftMaxHeapSize                          = 2128609280                             {manageable} {ergonomic}
     bool UseCompressedClassPointers               = true                                 {lp64_product} {ergonomic}
     bool UseCompressedOops                        = true                                 {lp64_product} {ergonomic}
     bool UseG1GC                                  = true                                      {product} {ergonomic}
     bool UseLargePagesIndividualAllocation        = false                                  {pd product} {ergonomic}

Logging:
Log output configuration:
 #0: stdout all=warning uptime,level,tags
 #1: stderr all=off uptime,level,tags

Environment Variables:
JAVA_HOME=C:\Program Files\Java\jdk-13
PATH=C:/Program Files/Java/jdk-13/bin/server;C:/Program Files/Java/jdk-13/bin;C:\Program Files\Microsoft MPI\Bin\;C:\WINDOWS\system32;C:\WINDOWS;C:\WINDOWS\System32\Wbem;C:\WINDOWS\System32\WindowsPowerShell\v1.0\;C:\WINDOWS\System32\OpenSSH\;C:\Program Files\nodejs\;C:\Program Files\Microsoft VS Code\bin;C:\Program Files\Git\cmd;C:\Program Files\nodejs\node_modules\npm\bin;C:\Users\Gbenga Kuda\AppData\Local\Android\Sdk\platform-tools;C:\Users\Gbenga Kuda\AppData\Local\Android\Sdk\tools\bin;C:\Users\Gbenga Kuda\AppData\Local\Android\Sdk\tools;C:\Users\Gbenga Kuda\AppData\Local\Programs\Python\Python38-32\Scripts;C:\Program Files\Java\jdk-13\bin;C:\eclipse\plugins\org.apache.ant_1.10.1.v20170504-0840\bin;C:\Program Files (x86)\Microsoft SQL Server\150\DTS\Binn\;C:\Program Files\Microsoft SQL Server\Client SDK\ODBC\170\Tools\Binn\;C:\Program Files (x86)\Microsoft SQL Server\150\Tools\Binn\;C:\Program Files\Microsoft SQL Server\150\Tools\Binn\;C:\Program Files\Microsoft SQL Server\150\DTS\Binn\;C:\Users\Gbenga Kuda\AppData\Local\Microsoft\WindowsApps;C:\Users\Gbenga Kuda\AppData\Roaming\npm;;C:\WINDOWS\System32;
USERNAME=Gbenga Kuda
OS=Windows_NT
PROCESSOR_IDENTIFIER=Intel64 Family 6 Model 142 Stepping 9, GenuineIntel



---------------  S Y S T E M  ---------------

OS: Windows 10 , 64 bit Build 18362 (10.0.18362.1082)

CPU:total 4 (initial active 4) (2 cores per cpu, 2 threads per core) family 6 model 142 stepping 9, cmov, cx8, fxsr, mmx, sse, sse2, sse3, ssse3, sse4.1, sse4.2, popcnt, avx, avx2, aes, clmul, erms, rtm, 3dnowpref, lzcnt, ht, tsc, tscinvbit, bmi1, bmi2, adx, fma

Memory: 4k page, system-wide physical 8113M (1701M free)
TotalPageFile size 11026M (AvailPageFile size 5M)
current process WorkingSet (physical memory assigned to process): 94M, peak: 94M
current process commit charge ("private bytes"): 228M, peak: 229M

vm_info: Java HotSpot(TM) 64-Bit Server VM (13+33) for windows-amd64 JRE (13+33), built on Sep 18 2019 21:38:00 by "mach5one" with unknown MS VC++:1916

END.
