JvmtiExport can_access_local_variables 0
JvmtiExport can_hotswap_or_post_breakpoint 0
JvmtiExport can_post_on_exceptions 0
# 195 ciObject found
ciInstanceKlass java/util/Iterator 1 1 53 100 1 8 1 10 12 1 1 10 7 12 1 1 1 11 7 12 1 1 1 11 12 1 1 11 7 12 1 1 1 100 1 1 1 1 1 1 1 1 1 1 1 1 1 1 1 1 1 1 1 1 1
instanceKlass org/openqa/selenium/remote/http/W3CHttpCommandCodec$$Lambda$331
instanceKlass org/openqa/selenium/remote/http/W3CHttpCommandCodec$$Lambda$330
instanceKlass org/openqa/selenium/remote/http/W3CHttpCommandCodec$$Lambda$329
instanceKlass org/openqa/selenium/remote/http/W3CHttpCommandCodec$$Lambda$328
instanceKlass java/util/stream/Collectors$$Lambda$327
instanceKlass java/util/stream/Collectors$$Lambda$326
instanceKlass java/util/stream/Collectors$$Lambda$325
instanceKlass java/util/stream/Collectors$$Lambda$324
instanceKlass org/openqa/selenium/remote/http/W3CHttpCommandCodec$$Lambda$323
instanceKlass org/openqa/selenium/Alert
instanceKlass org/openqa/selenium/remote/RemoteWebDriver$RemoteTargetLocator
instanceKlass com/google/common/collect/Lists
instanceKlass com/google/common/collect/FluentIterable
instanceKlass java/net/URLEncoder
instanceKlass org/openqa/selenium/net/Urls
instanceKlass org/openqa/selenium/interactions/Coordinates
instanceKlass org/openqa/selenium/By
instanceKlass org/testng/shaded/com/google/gson/internal/$Gson$Types$GenericArrayTypeImpl
instanceKlass org/testng/remote/strprotocol/MessageHelper
instanceKlass org/testng/remote/strprotocol/TestResultMessage
instanceKlass org/testng/internal/TestResult$$Lambda$322
instanceKlass org/testng/internal/GroupConfigMethodArguments$Builder
instanceKlass org/testng/internal/reflect/ReflectionRecipes$ListBackedImmutableQueue
instanceKlass org/testng/internal/reflect/InjectableParameter$Assistant
instanceKlass org/testng/internal/reflect/AbstractMethodMatcher
instanceKlass org/testng/internal/reflect/Parameter
instanceKlass org/testng/internal/reflect/ReflectionRecipes
instanceKlass org/testng/internal/reflect/MethodMatcherContext
instanceKlass org/testng/collections/CollectionUtils$$Lambda$321
instanceKlass org/testng/collections/CollectionUtils
instanceKlass org/testng/internal/MethodRunner
instanceKlass org/testng/internal/ParameterHandler$ParameterBag
instanceKlass org/testng/internal/ParameterHolder
instanceKlass org/testng/internal/collections/ArrayIterator
instanceKlass org/testng/internal/ParameterHandler
instanceKlass org/testng/internal/ITestInvoker$FailureContext
instanceKlass org/testng/internal/TestInvoker$MethodInvocationAgent
instanceKlass org/testng/internal/TestMethodArguments$Builder
instanceKlass java/util/concurrent/TimeUnit$1
instanceKlass org/openqa/selenium/remote/RemoteWebDriver$RemoteWebDriverOptions$RemoteTimeouts
instanceKlass org/openqa/selenium/remote/RemoteWebDriver$RemoteWebDriverOptions$RemoteWindow
instanceKlass org/openqa/selenium/WebDriver$ImeHandler
instanceKlass org/openqa/selenium/WebDriver$Window
instanceKlass org/openqa/selenium/WebDriver$Timeouts
instanceKlass org/openqa/selenium/remote/RemoteWebDriver$RemoteWebDriverOptions
instanceKlass org/openqa/selenium/json/JsonInput$$Lambda$320
instanceKlass org/openqa/selenium/remote/mobile/RemoteNetworkConnection
instanceKlass org/openqa/selenium/remote/RemoteTouchScreen
instanceKlass org/openqa/selenium/html5/SessionStorage
instanceKlass org/openqa/selenium/html5/LocalStorage
instanceKlass org/openqa/selenium/remote/html5/RemoteWebStorage
instanceKlass org/openqa/selenium/remote/html5/RemoteLocationContext
instanceKlass org/openqa/selenium/remote/RemoteWebElement
instanceKlass org/openqa/selenium/interactions/Locatable
instanceKlass org/openqa/selenium/internal/HasIdentity
instanceKlass org/openqa/selenium/WrapsDriver
instanceKlass org/openqa/selenium/remote/http/AbstractHttpResponseCodec
instanceKlass org/openqa/selenium/interactions/KeyInput
instanceKlass org/openqa/selenium/interactions/Interaction
instanceKlass org/openqa/selenium/interactions/PointerInput
instanceKlass org/openqa/selenium/interactions/Encodable
instanceKlass com/google/common/base/AbstractIterator$1
instanceKlass com/google/common/base/Splitter$5
instanceKlass org/openqa/selenium/remote/http/AbstractHttpCommandCodec$CommandSpec
instanceKlass com/google/common/base/AbstractIterator
instanceKlass com/google/common/base/Splitter$1
instanceKlass com/google/common/base/Splitter$Strategy
instanceKlass com/google/common/base/Splitter
instanceKlass org/openqa/selenium/WebElement
instanceKlass org/openqa/selenium/interactions/InputSource
instanceKlass org/openqa/selenium/remote/http/AbstractHttpCommandCodec
instanceKlass java/time/LocalTime$1
instanceKlass sun/util/locale/provider/JRELocaleProviderAdapter$$Lambda$319
instanceKlass java/text/DateFormatSymbols
instanceKlass java/time/LocalDate$1
instanceKlass java/time/ZonedDateTime$1
instanceKlass java/util/Formatter$DateTime
instanceKlass java/util/logging/Level$RbAccess
instanceKlass java/lang/invoke/LambdaForm$MH
instanceKlass java/lang/invoke/LambdaForm$MH
instanceKlass java/lang/invoke/LambdaForm$MH
instanceKlass java/lang/invoke/LambdaForm$MH
instanceKlass java/lang/invoke/LambdaForm$MH
instanceKlass java/lang/invoke/LambdaForm$MH
instanceKlass java/lang/invoke/LambdaForm$MH
instanceKlass java/util/logging/LogRecord$$Lambda$318
instanceKlass java/lang/StackStreamFactory$FrameBuffer
instanceKlass java/lang/StackStreamFactory$1
instanceKlass java/lang/StackStreamFactory
instanceKlass java/util/logging/LogRecord$CallerFinder$$Lambda$317
instanceKlass java/util/logging/LogRecord$CallerFinder$$Lambda$316
instanceKlass java/util/logging/LogRecord$CallerFinder
instanceKlass java/time/ZonedDateTime
instanceKlass java/time/chrono/ChronoZonedDateTime
instanceKlass java/time/LocalTime
instanceKlass java/time/temporal/ValueRange
instanceKlass java/time/temporal/TemporalUnit
instanceKlass java/time/temporal/TemporalField
instanceKlass java/time/LocalDate
instanceKlass java/time/chrono/ChronoLocalDate
instanceKlass java/time/zone/ZoneOffsetTransition
instanceKlass java/time/LocalDateTime
instanceKlass java/time/chrono/ChronoLocalDateTime
instanceKlass java/time/zone/ZoneOffsetTransitionRule
instanceKlass java/time/zone/ZoneRules
instanceKlass java/time/zone/Ser
instanceKlass java/io/Externalizable
instanceKlass java/time/zone/ZoneRulesProvider$1
instanceKlass java/time/zone/ZoneRulesProvider
instanceKlass java/util/zip/Checksum$1
instanceKlass java/util/zip/CRC32
instanceKlass java/util/zip/Checksum
instanceKlass java/util/logging/LogManager$CloseOnReset
instanceKlass java/util/logging/StreamHandler$1
instanceKlass java/util/logging/Handler$1
instanceKlass jdk/internal/logger/SimpleConsoleLogger$Formatting
instanceKlass java/util/logging/SimpleFormatter$$Lambda$315
instanceKlass java/util/logging/Formatter
instanceKlass java/time/ZoneId
instanceKlass java/time/Clock
instanceKlass java/time/Instant
instanceKlass java/time/temporal/TemporalAdjuster
instanceKlass java/time/temporal/Temporal
instanceKlass java/time/temporal/TemporalAccessor
instanceKlass java/util/logging/LogRecord
instanceKlass org/openqa/selenium/remote/ProtocolHandshake$Result$$Lambda$314
instanceKlass org/openqa/selenium/Proxy
instanceKlass org/openqa/selenium/remote/W3CHandshakeResponse$$Lambda$313
instanceKlass org/openqa/selenium/remote/W3CHandshakeResponse$$Lambda$312
instanceKlass org/openqa/selenium/remote/JsonWireProtocolResponse$$Lambda$311
instanceKlass org/openqa/selenium/remote/JsonWireProtocolResponse$$Lambda$310
instanceKlass org/openqa/selenium/remote/ProtocolHandshake$$Lambda$309
instanceKlass org/openqa/selenium/remote/ProtocolHandshake$$Lambda$308
instanceKlass org/openqa/selenium/remote/W3CHandshakeResponse
instanceKlass org/openqa/selenium/remote/HandshakeResponse$$Lambda$307
instanceKlass java/lang/invoke/LambdaForm$DMH
instanceKlass org/openqa/selenium/remote/ProtocolHandshake$Result
instanceKlass org/openqa/selenium/remote/JsonWireProtocolResponse
instanceKlass org/openqa/selenium/remote/HandshakeResponse
instanceKlass org/openqa/selenium/remote/InitialHandshakeResponse
instanceKlass java/math/MathContext
instanceKlass org/openqa/selenium/json/NumberCoercer$1
instanceKlass org/openqa/selenium/json/NumberCoercer$$Lambda$306
instanceKlass org/openqa/selenium/json/JsonInput$$Lambda$305
instanceKlass org/openqa/selenium/json/BooleanCoercer$$Lambda$304
instanceKlass com/google/common/base/MoreObjects
instanceKlass com/google/common/net/MediaType$Tokenizer
instanceKlass org/openqa/selenium/remote/internal/OkHttpClient$$Lambda$303
instanceKlass org/openqa/selenium/remote/internal/OkHttpClient$$Lambda$302
instanceKlass okhttp3/internal/http1/Http1Codec$AbstractSource
instanceKlass okhttp3/internal/http/HttpHeaders
instanceKlass okhttp3/Response$Builder
instanceKlass okhttp3/internal/http/StatusLine
instanceKlass okhttp3/internal/http1/Http1Codec$FixedLengthSink
instanceKlass okio/ForwardingSink
instanceKlass okio/Segment
instanceKlass okio/SegmentPool
instanceKlass okhttp3/internal/http/RequestLine
instanceKlass okhttp3/internal/http1/Http1Codec
instanceKlass okio/RealBufferedSink
instanceKlass okio/AsyncTimeout$1
instanceKlass okio/Okio$1
instanceKlass okio/RealBufferedSource
instanceKlass okio/AsyncTimeout$2
instanceKlass okio/Okio$2
instanceKlass okio/Timeout
instanceKlass okio/Okio
instanceKlass okhttp3/internal/connection/ConnectionSpecSelector
instanceKlass okhttp3/internal/ws/RealWebSocket$Streams
instanceKlass okhttp3/internal/http/HttpCodec
instanceKlass okhttp3/internal/http2/Http2Connection$Listener
instanceKlass okhttp3/internal/connection/RouteSelector$Selection
instanceKlass okhttp3/Route
instanceKlass okhttp3/CacheControl$Builder
instanceKlass okhttp3/CacheControl
instanceKlass okhttp3/internal/cache/CacheStrategy
instanceKlass okhttp3/internal/cache/CacheStrategy$Factory
instanceKlass okhttp3/internal/connection/RouteSelector
instanceKlass okhttp3/Address
instanceKlass okhttp3/internal/connection/StreamAllocation
instanceKlass okhttp3/Connection
instanceKlass okhttp3/internal/http/RealInterceptorChain
instanceKlass okhttp3/internal/http/CallServerInterceptor
instanceKlass okhttp3/internal/connection/ConnectInterceptor
instanceKlass okhttp3/internal/cache/CacheInterceptor
instanceKlass okhttp3/internal/http/BridgeInterceptor
instanceKlass okhttp3/internal/http/RetryAndFollowUpInterceptor
instanceKlass okhttp3/RealCall
instanceKlass okhttp3/Headers
instanceKlass okhttp3/Request
instanceKlass okhttp3/internal/http/HttpMethod
instanceKlass com/google/common/io/ByteArrayDataInput
instanceKlass com/google/common/io/ByteArrayDataOutput
instanceKlass com/google/common/io/ByteStreams
instanceKlass okhttp3/MediaType
instanceKlass org/openqa/selenium/remote/internal/OkHttpClient$1
instanceKlass java/security/CodeSigner
instanceKlass java/util/jar/JarVerifier
instanceKlass org/openqa/selenium/BuildInfo
instanceKlass com/google/common/collect/CollectSpliterators$1$$Lambda$301
instanceKlass com/google/common/collect/CollectSpliterators$1
instanceKlass com/google/common/collect/AbstractMapBasedMultimap$$Lambda$300
instanceKlass com/google/common/collect/CollectSpliterators$1FlatMapSpliterator$$Lambda$299
instanceKlass org/openqa/selenium/remote/http/HttpMessage$$Lambda$298
instanceKlass org/openqa/selenium/remote/http/HttpMessage$$Lambda$297
instanceKlass org/openqa/selenium/remote/http/HttpMessage$$Lambda$296
instanceKlass com/google/common/collect/CollectSpliterators$1FlatMapSpliterator
instanceKlass com/google/common/collect/CollectSpliterators
instanceKlass com/google/common/collect/AbstractMapBasedMultimap$$Lambda$295
instanceKlass com/google/common/collect/AbstractMapBasedMultimap$KeySet$1
instanceKlass sun/text/normalizer/Trie2$UTrie2Header
instanceKlass sun/text/normalizer/Trie2$1
instanceKlass sun/text/normalizer/Trie2$ValueMapper
instanceKlass sun/text/normalizer/Trie2
instanceKlass sun/text/normalizer/UCharacterProperty$IsAcceptable
instanceKlass sun/text/normalizer/UCharacterProperty$IntProperty
instanceKlass sun/text/normalizer/UCharacterProperty
instanceKlass sun/text/normalizer/UCharacter
instanceKlass sun/text/normalizer/Trie
instanceKlass sun/net/idn/StringPrep$StringPrepTrieImpl
instanceKlass sun/text/normalizer/Trie$DataManipulate
instanceKlass sun/net/idn/StringPrepDataReader
instanceKlass sun/net/idn/StringPrep
instanceKlass java/net/IDN
instanceKlass okhttp3/HttpUrl$Builder
instanceKlass okhttp3/HttpUrl
instanceKlass okhttp3/Headers$Builder
instanceKlass okhttp3/Request$Builder
instanceKlass com/google/common/collect/SortedSetMultimap
instanceKlass com/google/common/collect/Multimaps
instanceKlass com/google/common/net/MediaType$2
instanceKlass com/google/common/base/Joiner$MapJoiner
instanceKlass com/google/common/base/Joiner
instanceKlass com/google/common/primitives/Ints
instanceKlass com/google/common/collect/AbstractMapBasedMultiset$2
instanceKlass com/google/common/collect/Multisets$AbstractEntry
instanceKlass com/google/common/collect/Count
instanceKlass com/google/common/collect/Collections2
instanceKlass com/google/common/collect/Iterables
instanceKlass com/google/common/collect/SortedMultiset
instanceKlass com/google/common/collect/SortedMultisetBridge
instanceKlass com/google/common/collect/Multiset$Entry
instanceKlass com/google/common/collect/Multisets
instanceKlass com/google/common/base/Optional
instanceKlass com/google/common/collect/TransformedIterator
instanceKlass com/google/common/collect/Maps$13
instanceKlass com/google/common/base/ExtraObjectsMethodsForWeb
instanceKlass com/google/common/collect/Maps$9
instanceKlass com/google/common/net/MediaType$1
instanceKlass java/util/DualPivotQuicksort
instanceKlass com/google/common/base/CharMatcher
instanceKlass com/google/common/collect/ImmutableMultimap$Builder
instanceKlass com/google/common/base/Ascii
instanceKlass com/google/common/base/Charsets
instanceKlass com/google/common/net/MediaType
instanceKlass com/google/common/collect/Maps$EntryTransformer
instanceKlass com/google/common/base/Converter
instanceKlass com/google/common/collect/SortedMapDifference
instanceKlass com/google/common/collect/MapDifference
instanceKlass com/google/common/collect/Maps
instanceKlass com/google/common/collect/Multiset
instanceKlass com/google/common/collect/ListMultimap
instanceKlass org/openqa/selenium/remote/http/HttpMessage
instanceKlass org/openqa/selenium/remote/NewSessionPayload$$Lambda$294
instanceKlass org/openqa/selenium/remote/NewSessionPayload$$Lambda$293
instanceKlass org/openqa/selenium/remote/NewSessionPayload$$Lambda$292
instanceKlass org/openqa/selenium/remote/NewSessionPayload$$Lambda$291
instanceKlass org/openqa/selenium/remote/NewSessionPayload$$Lambda$290
instanceKlass org/openqa/selenium/remote/NewSessionPayload$$Lambda$289
instanceKlass org/openqa/selenium/remote/NewSessionPayload$$Lambda$288
instanceKlass org/openqa/selenium/remote/NewSessionPayload$$Lambda$287
instanceKlass org/openqa/selenium/remote/NewSessionPayload$$Lambda$286
instanceKlass org/openqa/selenium/remote/NewSessionPayload$$Lambda$285
instanceKlass org/openqa/selenium/remote/NewSessionPayload$$Lambda$284
instanceKlass org/openqa/selenium/remote/session/SafariFilter$$Lambda$283
instanceKlass org/openqa/selenium/remote/session/SafariFilter$$Lambda$282
instanceKlass org/openqa/selenium/remote/session/SafariFilter$$Lambda$281
instanceKlass org/openqa/selenium/remote/session/SafariFilter$$Lambda$280
instanceKlass org/openqa/selenium/remote/session/OperaFilter$$Lambda$279
instanceKlass org/openqa/selenium/remote/session/OperaFilter$$Lambda$278
instanceKlass org/openqa/selenium/remote/session/OperaFilter$$Lambda$277
instanceKlass org/openqa/selenium/remote/session/OperaFilter$$Lambda$276
instanceKlass org/openqa/selenium/remote/session/InternetExplorerFilter$$Lambda$275
instanceKlass org/openqa/selenium/remote/session/InternetExplorerFilter$$Lambda$274
instanceKlass org/openqa/selenium/remote/session/InternetExplorerFilter$$Lambda$273
instanceKlass org/openqa/selenium/remote/session/InternetExplorerFilter$$Lambda$272
instanceKlass org/openqa/selenium/remote/session/FirefoxFilter$$Lambda$271
instanceKlass org/openqa/selenium/remote/session/FirefoxFilter$$Lambda$270
instanceKlass org/openqa/selenium/remote/session/FirefoxFilter$$Lambda$269
instanceKlass org/openqa/selenium/remote/session/FirefoxFilter$$Lambda$268
instanceKlass org/openqa/selenium/remote/session/FirefoxFilter$$Lambda$267
instanceKlass org/openqa/selenium/remote/session/FirefoxFilter$$Lambda$266
instanceKlass com/google/common/collect/CollectCollectors$$Lambda$265
instanceKlass com/google/common/collect/CollectCollectors$$Lambda$264
instanceKlass com/google/common/collect/CollectCollectors$$Lambda$263
instanceKlass com/google/common/collect/CollectCollectors$$Lambda$262
instanceKlass org/openqa/selenium/remote/session/EdgeFilter$$Lambda$261
instanceKlass org/openqa/selenium/remote/session/EdgeFilter$$Lambda$260
instanceKlass org/openqa/selenium/remote/session/EdgeFilter$$Lambda$259
instanceKlass org/openqa/selenium/remote/session/EdgeFilter$$Lambda$258
instanceKlass org/openqa/selenium/remote/NewSessionPayload$$Lambda$257
instanceKlass org/openqa/selenium/remote/NewSessionPayload$$Lambda$256
instanceKlass org/openqa/selenium/remote/NewSessionPayload$$Lambda$255
instanceKlass org/openqa/selenium/remote/NewSessionPayload$$Lambda$254
instanceKlass org/openqa/selenium/remote/NewSessionPayload$$Lambda$253
instanceKlass java/util/concurrent/ForkJoinPool$WorkQueue
instanceKlass java/util/concurrent/ForkJoinPool$1
instanceKlass java/util/concurrent/ForkJoinPool$DefaultForkJoinWorkerThreadFactory
instanceKlass java/util/concurrent/ForkJoinPool$ForkJoinWorkerThreadFactory
instanceKlass java/util/concurrent/ForkJoinTask
instanceKlass java/util/stream/AbstractPipeline$$Lambda$252
instanceKlass java/util/stream/Collectors$$Lambda$251
instanceKlass java/util/stream/Collectors$$Lambda$250
instanceKlass java/lang/invoke/LambdaForm$DMH
instanceKlass org/openqa/selenium/remote/session/ChromeFilter$$Lambda$249
instanceKlass org/openqa/selenium/remote/session/ChromeFilter$$Lambda$248
instanceKlass org/openqa/selenium/remote/session/ChromeFilter$$Lambda$247
instanceKlass org/openqa/selenium/remote/session/ChromeFilter$$Lambda$246
instanceKlass java/util/stream/DistinctOps
instanceKlass org/openqa/selenium/remote/session/ChromeFilter$$Lambda$245
instanceKlass org/openqa/selenium/remote/session/ChromeFilter$$Lambda$244
instanceKlass java/util/TreeMap$EntrySpliterator$$Lambda$243
instanceKlass java/util/TreeMap$TreeMapSpliterator
instanceKlass org/openqa/selenium/remote/NewSessionPayload$$Lambda$242
instanceKlass org/openqa/selenium/remote/NewSessionPayload$$Lambda$241
instanceKlass org/openqa/selenium/remote/NewSessionPayload$$Lambda$240
instanceKlass org/openqa/selenium/remote/NewSessionPayload$$Lambda$239
instanceKlass org/openqa/selenium/remote/NewSessionPayload$$Lambda$238
instanceKlass org/openqa/selenium/remote/NewSessionPayload$$Lambda$237
instanceKlass org/openqa/selenium/remote/NewSessionPayload$$Lambda$236
instanceKlass com/google/common/collect/CollectCollectors$$Lambda$235
instanceKlass com/google/common/collect/CollectCollectors$$Lambda$234
instanceKlass com/google/common/collect/CollectCollectors$$Lambda$233
instanceKlass com/google/common/collect/CollectCollectors$$Lambda$232
instanceKlass com/google/common/collect/Ordering
instanceKlass org/openqa/selenium/remote/NewSessionPayload$$Lambda$231
instanceKlass org/openqa/selenium/remote/NewSessionPayload$$Lambda$230
instanceKlass com/google/common/collect/Sets
instanceKlass org/openqa/selenium/remote/NewSessionPayload$$Lambda$229
instanceKlass org/openqa/selenium/remote/NewSessionPayload$$Lambda$228
instanceKlass org/openqa/selenium/remote/NewSessionPayload$$Lambda$227
instanceKlass org/openqa/selenium/remote/NewSessionPayload$$Lambda$226
instanceKlass org/openqa/selenium/remote/NewSessionPayload$$Lambda$225
instanceKlass org/openqa/selenium/json/JsonInput$1
instanceKlass org/openqa/selenium/json/CollectionCoercer$$Lambda$224
instanceKlass org/openqa/selenium/json/CollectionCoercer$$Lambda$223
instanceKlass org/openqa/selenium/json/ObjectCoercer$1
instanceKlass org/openqa/selenium/json/ObjectCoercer$$Lambda$222
instanceKlass org/openqa/selenium/json/StringCoercer$1
instanceKlass org/openqa/selenium/json/StringCoercer$$Lambda$221
instanceKlass org/openqa/selenium/json/MapCoercer$$Lambda$220
instanceKlass org/openqa/selenium/json/JsonInputIterator
instanceKlass org/openqa/selenium/json/JsonTypeCoercer$$Lambda$219
instanceKlass org/openqa/selenium/json/JsonTypeCoercer$$Lambda$218
instanceKlass org/openqa/selenium/json/JsonTypeCoercer$$Lambda$217
instanceKlass org/openqa/selenium/json/MapCoercer$$Lambda$216
instanceKlass org/openqa/selenium/json/JsonTypeCoercer$$Lambda$215
instanceKlass org/openqa/selenium/remote/Response
instanceKlass com/google/common/primitives/Primitives
instanceKlass org/openqa/selenium/json/Types
instanceKlass org/openqa/selenium/json/JsonTypeCoercer$$Lambda$214
instanceKlass org/openqa/selenium/json/JsonTypeCoercer$$Lambda$213
instanceKlass org/openqa/selenium/json/Input
instanceKlass org/openqa/selenium/json/JsonInput
instanceKlass org/openqa/selenium/remote/session/W3CPlatformNameNormaliser
instanceKlass org/openqa/selenium/remote/session/StripAnyPlatform
instanceKlass org/openqa/selenium/remote/session/ProxyTransform
instanceKlass org/openqa/selenium/remote/NewSessionPayload$$Lambda$212
instanceKlass org/openqa/selenium/remote/session/CapabilityTransform
instanceKlass org/openqa/selenium/remote/session/SafariFilter
instanceKlass org/openqa/selenium/remote/session/OperaFilter
instanceKlass org/openqa/selenium/remote/session/InternetExplorerFilter
instanceKlass org/openqa/selenium/remote/session/FirefoxFilter
instanceKlass org/openqa/selenium/remote/session/EdgeFilter
instanceKlass org/openqa/selenium/remote/session/ChromeFilter
instanceKlass org/openqa/selenium/remote/NewSessionPayload$$Lambda$211
instanceKlass org/openqa/selenium/remote/session/CapabilitiesFilter
instanceKlass com/google/common/io/CharStreams
instanceKlass org/openqa/selenium/json/JsonOutput$$Lambda$210
instanceKlass java/util/function/UnaryOperator
instanceKlass org/openqa/selenium/json/JsonOutput$$Lambda$209
instanceKlass org/openqa/selenium/json/JsonOutput$$Lambda$208
instanceKlass java/util/function/IntFunction
instanceKlass org/openqa/selenium/json/JsonOutput$$Lambda$207
instanceKlass java/lang/invoke/LambdaForm$DMH
instanceKlass org/openqa/selenium/json/JsonOutput$$Lambda$206
instanceKlass org/openqa/selenium/json/JsonOutput$$Lambda$205
instanceKlass com/google/common/collect/AbstractMultimap
instanceKlass com/google/common/collect/SetMultimap
instanceKlass com/google/common/collect/Multimap
instanceKlass org/openqa/selenium/json/JsonOutput$$Lambda$204
instanceKlass org/openqa/selenium/json/JsonOutput$$Lambda$203
instanceKlass org/openqa/selenium/json/JsonOutput$$Lambda$202
instanceKlass org/openqa/selenium/json/JsonOutput$$Lambda$201
instanceKlass org/openqa/selenium/json/JsonOutput$$Lambda$200
instanceKlass org/openqa/selenium/json/JsonOutput$$Lambda$199
instanceKlass org/openqa/selenium/json/JsonOutput$$Lambda$198
instanceKlass org/openqa/selenium/json/JsonOutput$$Lambda$197
instanceKlass org/openqa/selenium/json/JsonOutput$$Lambda$196
instanceKlass org/openqa/selenium/json/JsonOutput$$Lambda$195
instanceKlass org/openqa/selenium/json/JsonOutput$$Lambda$194
instanceKlass org/openqa/selenium/json/JsonOutput$$Lambda$193
instanceKlass org/openqa/selenium/json/JsonOutput$$Lambda$192
instanceKlass org/openqa/selenium/json/JsonOutput$$Lambda$191
instanceKlass org/openqa/selenium/json/JsonOutput$$Lambda$190
instanceKlass org/openqa/selenium/json/JsonOutput$$Lambda$189
instanceKlass org/openqa/selenium/json/JsonOutput$$Lambda$188
instanceKlass org/openqa/selenium/json/JsonOutput$$Lambda$187
instanceKlass org/openqa/selenium/remote/SessionId
instanceKlass org/openqa/selenium/json/JsonOutput$$Lambda$186
instanceKlass org/openqa/selenium/json/JsonOutput$$Lambda$185
instanceKlass org/openqa/selenium/json/JsonOutput$$Lambda$184
instanceKlass org/openqa/selenium/json/JsonOutput$$Lambda$183
instanceKlass org/openqa/selenium/json/JsonOutput$$Lambda$182
instanceKlass org/openqa/selenium/json/JsonOutput$$Lambda$181
instanceKlass org/openqa/selenium/json/JsonOutput$$Lambda$180
instanceKlass org/openqa/selenium/json/JsonOutput$$Lambda$179
instanceKlass org/openqa/selenium/json/JsonOutput$$Lambda$178
instanceKlass org/openqa/selenium/json/JsonOutput$$Lambda$177
instanceKlass org/openqa/selenium/json/JsonOutput$$Lambda$176
instanceKlass org/openqa/selenium/json/JsonOutput$$Lambda$175
instanceKlass org/openqa/selenium/json/JsonOutput$$Lambda$174
instanceKlass org/openqa/selenium/json/JsonOutput$$Lambda$173
instanceKlass org/openqa/selenium/json/JsonOutput$$Lambda$172
instanceKlass org/openqa/selenium/json/JsonOutput$$Lambda$171
instanceKlass org/openqa/selenium/json/JsonOutput$$Lambda$170
instanceKlass org/openqa/selenium/json/JsonOutput$$Lambda$169
instanceKlass org/openqa/selenium/json/JsonOutput$$Lambda$168
instanceKlass org/openqa/selenium/json/JsonOutput$$Lambda$167
instanceKlass org/openqa/selenium/json/JsonOutput$$Lambda$166
instanceKlass java/lang/invoke/LambdaForm$DMH
instanceKlass org/openqa/selenium/json/JsonOutput$SafeBiConsumer
instanceKlass org/openqa/selenium/json/JsonOutput$$Lambda$165
instanceKlass org/openqa/selenium/json/JsonOutput$Node
instanceKlass org/openqa/selenium/json/JsonOutput$$Lambda$164
instanceKlass com/google/common/collect/ImmutableMap$Builder
instanceKlass org/openqa/selenium/json/JsonOutput$$Lambda$163
instanceKlass org/openqa/selenium/json/JsonOutput
instanceKlass org/openqa/selenium/json/JsonTypeCoercer$$Lambda$162
instanceKlass org/openqa/selenium/json/JsonTypeCoercer$$Lambda$161
instanceKlass org/openqa/selenium/json/JsonTypeCoercer$$Lambda$160
instanceKlass org/openqa/selenium/json/JsonTypeCoercer$$Lambda$159
instanceKlass java/util/stream/Collectors$$Lambda$158
instanceKlass java/util/stream/Collectors$$Lambda$157
instanceKlass org/openqa/selenium/json/JsonTypeCoercer$$Lambda$156
instanceKlass org/openqa/selenium/json/JsonTypeCoercer$$Lambda$155
instanceKlass org/openqa/selenium/json/JsonTypeCoercer$$Lambda$154
instanceKlass org/openqa/selenium/json/JsonTypeCoercer$$Lambda$153
instanceKlass org/openqa/selenium/json/JsonTypeCoercer$$Lambda$152
instanceKlass org/openqa/selenium/json/JsonTypeCoercer$$Lambda$151
instanceKlass org/openqa/selenium/json/JsonTypeCoercer$$Lambda$150
instanceKlass java/lang/invoke/LambdaForm$DMH
instanceKlass org/openqa/selenium/json/JsonTypeCoercer$$Lambda$149
instanceKlass org/openqa/selenium/json/JsonTypeCoercer$$Lambda$148
instanceKlass java/lang/invoke/LambdaForm$DMH
instanceKlass org/openqa/selenium/json/JsonTypeCoercer$$Lambda$147
instanceKlass java/lang/invoke/LambdaForm$DMH
instanceKlass org/openqa/selenium/json/JsonTypeCoercer$$Lambda$146
instanceKlass org/openqa/selenium/json/TypeCoercer
instanceKlass org/openqa/selenium/json/JsonTypeCoercer
instanceKlass com/google/common/reflect/TypeCapture
instanceKlass org/openqa/selenium/json/Json
instanceKlass java/util/stream/StreamSpliterators$WrappingSpliterator$$Lambda$145
instanceKlass com/google/common/collect/CollectCollectors$$Lambda$144
instanceKlass com/google/common/collect/CollectCollectors$$Lambda$143
instanceKlass com/google/common/collect/CollectCollectors$$Lambda$142
instanceKlass com/google/common/collect/RangeGwtSerializationDependencies
instanceKlass com/google/common/base/Predicate
instanceKlass com/google/common/collect/CollectCollectors$$Lambda$141
instanceKlass com/google/common/collect/ImmutableRangeSet$Builder
instanceKlass com/google/common/collect/SortedIterable
instanceKlass com/google/common/collect/AbstractRangeSet
instanceKlass com/google/common/collect/RangeSet
instanceKlass com/google/common/collect/CollectCollectors$$Lambda$140
instanceKlass com/google/common/collect/CollectCollectors$$Lambda$139
instanceKlass com/google/common/collect/CollectCollectors$$Lambda$138
instanceKlass java/lang/invoke/LambdaForm$DMH
instanceKlass com/google/common/collect/CollectCollectors$$Lambda$137
instanceKlass com/google/common/collect/CollectCollectors$$Lambda$136
instanceKlass com/google/common/collect/CollectCollectors$$Lambda$135
instanceKlass com/google/common/collect/CollectCollectors$$Lambda$134
instanceKlass com/google/common/collect/CollectCollectors$$Lambda$133
instanceKlass com/google/common/collect/CollectCollectors
instanceKlass java/util/stream/Streams$2
instanceKlass java/util/stream/StreamSpliterators$AbstractWrappingSpliterator
instanceKlass java/util/stream/AbstractPipeline$$Lambda$132
instanceKlass j